<?xml version="1.0" encoding="UTF-8"?>
<testsuites name="20190930_181457" timestamp="2019-09-30T18:14:57" time="46.205" tests="21" errors="1">
  <testsuite id="1" name="OrangeHRMWebApplication" package="OrangeHRMWebApplication" hostname="ATMECSINDT-055" timestamp="2019-09-30T18:14:59" time="41.259" tests="21" errors="1">
    <properties>
      <property name="Run From" value="ATMECSINDT-055" />
      <property name="Run OS" value="amd64 Windows 10 10.0" />
      <property name="Run User" value="Sandhiya.Munisamy" />
      <property name="Iteration" value="1 of 1" />
      <property name="Script" value="OrangeHRMWebApplication.xlsx" />
      <property name="Logs" value="C:\projects\OrangeHRMWebApplication\output\20190930_181457\logs\nexial-20190930_181457.log" />
      <property name="Data File" value="OrangeHRMWebApplication.data.xlsx" />
      <property name="DataSheet(s)" value="#default" />
      <property name="JAVA_OPT" value="-Dorg.apache.poi.util.POILogger=org.apache.poi.util.NullLogger" />
      <property name="runtime args" value="-script C:\projects\OrangeHRMWebApplication\artifact\script\OrangeHRMWebApplication.xlsx" />
    </properties>
    <testcase id="Openurl" name="Openurl" classname="orangehrm" timestamp="2019-09-30T18:15:02" time="38.658">
      <system-out>Total : 1
Passed: 1
Failed: 0
Output: C:\projects\OrangeHRMWebApplication\output\20190930_181457\OrangeHRMWebApplication.20190930_181459.001.xlsx
Logs  : C:\projects\OrangeHRMWebApplication\output\20190930_181457\logs\nexial-20190930_181457.log</system-out>
    </testcase>
    <testcase id="MaximizeWindow" name="MaximizeWindow" classname="orangehrm" timestamp="2019-09-30T18:15:14" time="26.293">
      <system-out>Total : 1
Passed: 1
Failed: 0
Output: C:\projects\OrangeHRMWebApplication\output\20190930_181457\OrangeHRMWebApplication.20190930_181459.001.xlsx
Logs  : C:\projects\OrangeHRMWebApplication\output\20190930_181457\logs\nexial-20190930_181457.log</system-out>
    </testcase>
    <testcase id="ClickUsername" name="ClickUsername" classname="orangehrm" timestamp="2019-09-30T18:15:16" time="24.473">
      <system-out>Total : 1
Passed: 1
Failed: 0
Output: C:\projects\OrangeHRMWebApplication\output\20190930_181457\OrangeHRMWebApplication.20190930_181459.001.xlsx
Logs  : C:\projects\OrangeHRMWebApplication\output\20190930_181457\logs\nexial-20190930_181457.log</system-out>
    </testcase>
    <testcase id="EnterFavoredUrl" name="EnterFavoredUrl" classname="orangehrm" timestamp="2019-09-30T18:15:19" time="21.139">
      <system-out>Total : 1
Passed: 1
Failed: 0
Output: C:\projects\OrangeHRMWebApplication\output\20190930_181457\OrangeHRMWebApplication.20190930_181459.001.xlsx
Logs  : C:\projects\OrangeHRMWebApplication\output\20190930_181457\logs\nexial-20190930_181457.log</system-out>
    </testcase>
    <testcase id="EnterFirstName" name="EnterFirstName" classname="orangehrm" timestamp="2019-09-30T18:15:20" time="19.955">
      <system-out>Total : 1
Passed: 1
Failed: 0
Output: C:\projects\OrangeHRMWebApplication\output\20190930_181457\OrangeHRMWebApplication.20190930_181459.001.xlsx
Logs  : C:\projects\OrangeHRMWebApplication\output\20190930_181457\logs\nexial-20190930_181457.log</system-out>
    </testcase>
    <testcase id="EnterLastName" name="EnterLastName" classname="orangehrm" timestamp="2019-09-30T18:15:21" time="18.699">
      <system-out>Total : 1
Passed: 1
Failed: 0
Output: C:\projects\OrangeHRMWebApplication\output\20190930_181457\OrangeHRMWebApplication.20190930_181459.001.xlsx
Logs  : C:\projects\OrangeHRMWebApplication\output\20190930_181457\logs\nexial-20190930_181457.log</system-out>
    </testcase>
    <testcase id="EnterEmail" name="EnterEmail" classname="orangehrm" timestamp="2019-09-30T18:15:23" time="17.634">
      <system-out>Total : 1
Passed: 1
Failed: 0
Output: C:\projects\OrangeHRMWebApplication\output\20190930_181457\OrangeHRMWebApplication.20190930_181459.001.xlsx
Logs  : C:\projects\OrangeHRMWebApplication\output\20190930_181457\logs\nexial-20190930_181457.log</system-out>
    </testcase>
    <testcase id="EnterJobTitle" name="EnterJobTitle" classname="orangehrm" timestamp="2019-09-30T18:15:24" time="16.268">
      <system-out>Total : 1
Passed: 1
Failed: 0
Output: C:\projects\OrangeHRMWebApplication\output\20190930_181457\OrangeHRMWebApplication.20190930_181459.001.xlsx
Logs  : C:\projects\OrangeHRMWebApplication\output\20190930_181457\logs\nexial-20190930_181457.log</system-out>
    </testcase>
    <testcase id="SelectNoOfEmployees" name="SelectNoOfEmployees" classname="orangehrm" timestamp="2019-09-30T18:15:25" time="15.170">
      <system-out>Total : 1
Passed: 1
Failed: 0
Output: C:\projects\OrangeHRMWebApplication\output\20190930_181457\OrangeHRMWebApplication.20190930_181459.001.xlsx
Logs  : C:\projects\OrangeHRMWebApplication\output\20190930_181457\logs\nexial-20190930_181457.log</system-out>
    </testcase>
    <testcase id="AssertNoOfEmployee" name="AssertNoOfEmployee" classname="orangehrm" timestamp="2019-09-30T18:15:26" time="14.335">
      <system-out>Total : 1
Passed: 1
Failed: 0
Output: C:\projects\OrangeHRMWebApplication\output\20190930_181457\OrangeHRMWebApplication.20190930_181459.001.xlsx
Logs  : C:\projects\OrangeHRMWebApplication\output\20190930_181457\logs\nexial-20190930_181457.log</system-out>
    </testcase>
    <testcase id="Entercompany" name="Entercompany" classname="orangehrm" timestamp="2019-09-30T18:15:27" time="13.621">
      <system-out>Total : 1
Passed: 1
Failed: 0
Output: C:\projects\OrangeHRMWebApplication\output\20190930_181457\OrangeHRMWebApplication.20190930_181459.001.xlsx
Logs  : C:\projects\OrangeHRMWebApplication\output\20190930_181457\logs\nexial-20190930_181457.log</system-out>
    </testcase>
    <testcase id="SelectIndustry" name="SelectIndustry" classname="orangehrm" timestamp="2019-09-30T18:15:28" time="12.649">
      <system-out>Total : 1
Passed: 1
Failed: 0
Output: C:\projects\OrangeHRMWebApplication\output\20190930_181457\OrangeHRMWebApplication.20190930_181459.001.xlsx
Logs  : C:\projects\OrangeHRMWebApplication\output\20190930_181457\logs\nexial-20190930_181457.log</system-out>
    </testcase>
    <testcase id="AssertIndustry" name="AssertIndustry" classname="orangehrm" timestamp="2019-09-30T18:15:28" time="11.760">
      <system-out>Total : 1
Passed: 1
Failed: 0
Output: C:\projects\OrangeHRMWebApplication\output\20190930_181457\OrangeHRMWebApplication.20190930_181459.001.xlsx
Logs  : C:\projects\OrangeHRMWebApplication\output\20190930_181457\logs\nexial-20190930_181457.log</system-out>
    </testcase>
    <testcase id="EnterPhoneNumber" name="EnterPhoneNumber" classname="orangehrm" timestamp="2019-09-30T18:15:29" time="11.043">
      <system-out>Total : 1
Passed: 1
Failed: 0
Output: C:\projects\OrangeHRMWebApplication\output\20190930_181457\OrangeHRMWebApplication.20190930_181459.001.xlsx
Logs  : C:\projects\OrangeHRMWebApplication\output\20190930_181457\logs\nexial-20190930_181457.log</system-out>
    </testcase>
    <testcase id="SelectCountry" name="SelectCountry" classname="orangehrm" timestamp="2019-09-30T18:15:30" time="9.993">
      <system-out>Total : 1
Passed: 1
Failed: 0
Output: C:\projects\OrangeHRMWebApplication\output\20190930_181457\OrangeHRMWebApplication.20190930_181459.001.xlsx
Logs  : C:\projects\OrangeHRMWebApplication\output\20190930_181457\logs\nexial-20190930_181457.log</system-out>
    </testcase>
    <testcase id="AssertCountry" name="AssertCountry" classname="orangehrm" timestamp="2019-09-30T18:15:31" time="9.133">
      <system-out>Total : 1
Passed: 1
Failed: 0
Output: C:\projects\OrangeHRMWebApplication\output\20190930_181457\OrangeHRMWebApplication.20190930_181459.001.xlsx
Logs  : C:\projects\OrangeHRMWebApplication\output\20190930_181457\logs\nexial-20190930_181457.log</system-out>
    </testcase>
    <testcase id="SelectState" name="SelectState" classname="orangehrm" timestamp="2019-09-30T18:15:32" time="8.385">
      <system-out>Total : 1
Passed: 1
Failed: 0
Output: C:\projects\OrangeHRMWebApplication\output\20190930_181457\OrangeHRMWebApplication.20190930_181459.001.xlsx
Logs  : C:\projects\OrangeHRMWebApplication\output\20190930_181457\logs\nexial-20190930_181457.log</system-out>
    </testcase>
    <testcase id="AssertCountry" name="AssertCountry" classname="orangehrm" timestamp="2019-09-30T18:15:33" time="7.566">
      <system-out>Total : 1
Passed: 1
Failed: 0
Output: C:\projects\OrangeHRMWebApplication\output\20190930_181457\OrangeHRMWebApplication.20190930_181459.001.xlsx
Logs  : C:\projects\OrangeHRMWebApplication\output\20190930_181457\logs\nexial-20190930_181457.log</system-out>
    </testcase>
    <testcase id="ClickCheckbox" name="ClickCheckbox" classname="orangehrm" timestamp="2019-09-30T18:15:33" time="6.871">
      <system-out>Total : 1
Passed: 1
Failed: 0
Output: C:\projects\OrangeHRMWebApplication\output\20190930_181457\OrangeHRMWebApplication.20190930_181459.001.xlsx
Logs  : C:\projects\OrangeHRMWebApplication\output\20190930_181457\logs\nexial-20190930_181457.log</system-out>
    </testcase>
    <testcase id="NotARobot" name="NotARobot" classname="orangehrm" timestamp="2019-09-30T18:15:34" time="6.108">
      <failure type="failure found in test activity" message="1 of 1 FAILED. Check C:\projects\OrangeHRMWebApplication\output\20190930_181457\OrangeHRMWebApplication.20190930_181459.001.xlsx for execution result, C:\projects\OrangeHRMWebApplication\output\20190930_181457\logs\nexial-20190930_181457.log for execution logs" />
      <system-out>Total : 1
Passed: 0
Failed: 1
Output: C:\projects\OrangeHRMWebApplication\output\20190930_181457\OrangeHRMWebApplication.20190930_181459.001.xlsx
Logs  : C:\projects\OrangeHRMWebApplication\output\20190930_181457\logs\nexial-20190930_181457.log</system-out>
    </testcase>
    <testcase id="submit" name="submit" classname="orangehrm" timestamp="2019-09-30T18:15:36" time="4.648">
      <system-out>Total : 1
Passed: 1
Failed: 0
Output: C:\projects\OrangeHRMWebApplication\output\20190930_181457\OrangeHRMWebApplication.20190930_181459.001.xlsx
Logs  : C:\projects\OrangeHRMWebApplication\output\20190930_181457\logs\nexial-20190930_181457.log</system-out>
    </testcase>
  </testsuite>
</testsuites>
