<?xml version="1.0" encoding="UTF-8"?>
<testsuites name="20191001_150527" timestamp="2019-10-01T15:05:27" time="81.235" tests="52" errors="0">
  <testsuite id="1" name="OHRM_02_features" package="OHRM_02_features" hostname="ATMECSINDT-055" timestamp="2019-10-01T15:05:29" time="77.446" tests="52" errors="0">
    <properties>
      <property name="Run From" value="ATMECSINDT-055" />
      <property name="Run OS" value="amd64 Windows 10 10.0" />
      <property name="Run User" value="Sandhiya.Munisamy" />
      <property name="Iteration" value="1 of 1" />
      <property name="Script" value="OHRM_02_features.xlsx" />
      <property name="Logs" value="C:\projects\OrangeHRMWebApplication\output\20191001_150527\logs\nexial-20191001_150527.log" />
      <property name="Data File" value="OHRM_02_features.data.xlsx" />
      <property name="DataSheet(s)" value="#default" />
      <property name="JAVA_OPT" value="-Dorg.apache.poi.util.POILogger=org.apache.poi.util.NullLogger" />
      <property name="runtime args" value="-script C:\projects\OrangeHRMWebApplication\artifact\script\OHRM_02_features.xlsx" />
    </properties>
    <testcase id="Feature-Personnel Information Management (PIM)" name="Feature-Personnel Information Management (PIM)" classname="Personnel Information Managemen" timestamp="2019-10-01T15:05:34" time="71.831">
      <system-out>Total : 22
Passed: 22
Failed: 0
Output: C:\projects\OrangeHRMWebApplication\output\20191001_150527\OHRM_02_features.20191001_150529.001.xlsx
Logs  : C:\projects\OrangeHRMWebApplication\output\20191001_150527\logs\nexial-20191001_150527.log</system-out>
    </testcase>
    <testcase id="Feature-Leave/ Time off Management" name="Feature-Leave/ Time off Management" classname="Leave or  Time off Management" timestamp="2019-10-01T15:06:11" time="35.003">
      <system-out>Total : 15
Passed: 15
Failed: 0
Output: C:\projects\OrangeHRMWebApplication\output\20191001_150527\OHRM_02_features.20191001_150529.001.xlsx
Logs  : C:\projects\OrangeHRMWebApplication\output\20191001_150527\logs\nexial-20191001_150527.log</system-out>
    </testcase>
    <testcase id="Feature-Time &amp; Attendance Management" name="Feature-Time &amp; Attendance Management" classname="Time &amp; Attendance Management" timestamp="2019-10-01T15:06:30" time="16.679">
      <system-out>Total : 15
Passed: 15
Failed: 0
Output: C:\projects\OrangeHRMWebApplication\output\20191001_150527\OHRM_02_features.20191001_150529.001.xlsx
Logs  : C:\projects\OrangeHRMWebApplication\output\20191001_150527\logs\nexial-20191001_150527.log</system-out>
    </testcase>
  </testsuite>
</testsuites>
