<?xml version="1.0" encoding="UTF-8"?>
<testsuites name="20191001_115313" timestamp="2019-10-01T11:53:13" time="31.113" tests="8" errors="2">
  <testsuite id="1" name="OHRM_02_features" package="OHRM_02_features" hostname="ATMECSINDT-055" timestamp="2019-10-01T11:53:15" time="26.248" tests="8" errors="2">
    <properties>
      <property name="Run From" value="ATMECSINDT-055" />
      <property name="Run OS" value="amd64 Windows 10 10.0" />
      <property name="Run User" value="Sandhiya.Munisamy" />
      <property name="Iteration" value="1 of 1" />
      <property name="Script" value="OHRM_02_features.xlsx" />
      <property name="Logs" value="C:\projects\OrangeHRMWebApplication\output\20191001_115313\logs\nexial-20191001_115313.log" />
      <property name="Data File" value="OHRM_02_features.data.xlsx" />
      <property name="DataSheet(s)" value="#default" />
      <property name="JAVA_OPT" value="-Dorg.apache.poi.util.POILogger=org.apache.poi.util.NullLogger" />
      <property name="runtime args" value="-script C:\projects\OrangeHRMWebApplication\artifact\script\OHRM_02_features.xlsx" />
    </properties>
    <testcase id="Features" name="Features" classname="orangehrm" timestamp="2019-10-01T11:53:18" time="23.637">
      <failure type="failure found in test activity" message="2 of 8 FAILED. Check C:\projects\OrangeHRMWebApplication\output\20191001_115313\OHRM_02_features.20191001_115315.001.xlsx for execution result, C:\projects\OrangeHRMWebApplication\output\20191001_115313\logs\nexial-20191001_115313.log for execution logs" />
      <system-out>Total : 8
Passed: 6
Failed: 2
Output: C:\projects\OrangeHRMWebApplication\output\20191001_115313\OHRM_02_features.20191001_115315.001.xlsx
Logs  : C:\projects\OrangeHRMWebApplication\output\20191001_115313\logs\nexial-20191001_115313.log</system-out>
    </testcase>
  </testsuite>
</testsuites>
