<?xml version="1.0" encoding="UTF-8"?>
<testsuites name="20191003_123120" timestamp="2019-10-03T12:31:20" time="81.220" tests="48" errors="1">
  <testsuite id="1001" name="1 OHRM_01_signup" package="1 OHRM_01_signup" hostname="ATMECSINDT-055" timestamp="2019-10-03T12:31:22" time="47.152" tests="21" errors="1">
    <properties>
      <property name="Run From" value="ATMECSINDT-055" />
      <property name="Run OS" value="amd64 Windows 10 10.0" />
      <property name="Run User" value="ATMECSINDT-055$" />
      <property name="Iteration" value="1 of 1" />
      <property name="Script" value="OHRM_01_signup.xlsx" />
      <property name="Logs" value="C:\projects\OrangeHRMWebApplication\output\20191003_123120\logs\nexial-20191003_123120.log" />
      <property name="Data File" value="OHRM_01_signup.data.xlsx" />
      <property name="DataSheet(s)" value="#default" />
      <property name="JAVA_OPT" value="-Dorg.apache.poi.util.POILogger=org.apache.poi.util.NullLogger" />
      <property name="runtime args" value="-plan C:\projects\OrangeHRMWebApplication\artifact\plan\OrangeHRMWebApplication-plan.xlsx" />
    </properties>
    <testcase id="Openurl" name="Openurl" classname="signup" timestamp="2019-10-03T12:31:25" time="44.658">
      <system-out>Total : 1
Passed: 1
Failed: 0
Output: C:\projects\OrangeHRMWebApplication\output\20191003_123120\OrangeHRMWebApplication-plan.001,OHRM_01_signup.20191003_123122.001.xlsx
Logs  : C:\projects\OrangeHRMWebApplication\output\20191003_123120\logs\nexial-20191003_123120.log</system-out>
    </testcase>
    <testcase id="MaximizeWindow" name="MaximizeWindow" classname="signup" timestamp="2019-10-03T12:31:44" time="24.887">
      <system-out>Total : 1
Passed: 1
Failed: 0
Output: C:\projects\OrangeHRMWebApplication\output\20191003_123120\OrangeHRMWebApplication-plan.001,OHRM_01_signup.20191003_123122.001.xlsx
Logs  : C:\projects\OrangeHRMWebApplication\output\20191003_123120\logs\nexial-20191003_123120.log</system-out>
    </testcase>
    <testcase id="ClickUsername" name="ClickUsername" classname="signup" timestamp="2019-10-03T12:31:46" time="23.107">
      <system-out>Total : 1
Passed: 1
Failed: 0
Output: C:\projects\OrangeHRMWebApplication\output\20191003_123120\OrangeHRMWebApplication-plan.001,OHRM_01_signup.20191003_123122.001.xlsx
Logs  : C:\projects\OrangeHRMWebApplication\output\20191003_123120\logs\nexial-20191003_123120.log</system-out>
    </testcase>
    <testcase id="EnterFavoredUrl" name="EnterFavoredUrl" classname="signup" timestamp="2019-10-03T12:31:49" time="19.756">
      <system-out>Total : 1
Passed: 1
Failed: 0
Output: C:\projects\OrangeHRMWebApplication\output\20191003_123120\OrangeHRMWebApplication-plan.001,OHRM_01_signup.20191003_123122.001.xlsx
Logs  : C:\projects\OrangeHRMWebApplication\output\20191003_123120\logs\nexial-20191003_123120.log</system-out>
    </testcase>
    <testcase id="EnterFirstName" name="EnterFirstName" classname="signup" timestamp="2019-10-03T12:31:51" time="18.725">
      <system-out>Total : 1
Passed: 1
Failed: 0
Output: C:\projects\OrangeHRMWebApplication\output\20191003_123120\OrangeHRMWebApplication-plan.001,OHRM_01_signup.20191003_123122.001.xlsx
Logs  : C:\projects\OrangeHRMWebApplication\output\20191003_123120\logs\nexial-20191003_123120.log</system-out>
    </testcase>
    <testcase id="EnterLastName" name="EnterLastName" classname="signup" timestamp="2019-10-03T12:31:51" time="17.775">
      <system-out>Total : 1
Passed: 1
Failed: 0
Output: C:\projects\OrangeHRMWebApplication\output\20191003_123120\OrangeHRMWebApplication-plan.001,OHRM_01_signup.20191003_123122.001.xlsx
Logs  : C:\projects\OrangeHRMWebApplication\output\20191003_123120\logs\nexial-20191003_123120.log</system-out>
    </testcase>
    <testcase id="EnterEmail" name="EnterEmail" classname="signup" timestamp="2019-10-03T12:31:52" time="16.834">
      <system-out>Total : 1
Passed: 1
Failed: 0
Output: C:\projects\OrangeHRMWebApplication\output\20191003_123120\OrangeHRMWebApplication-plan.001,OHRM_01_signup.20191003_123122.001.xlsx
Logs  : C:\projects\OrangeHRMWebApplication\output\20191003_123120\logs\nexial-20191003_123120.log</system-out>
    </testcase>
    <testcase id="EnterJobTitle" name="EnterJobTitle" classname="signup" timestamp="2019-10-03T12:31:53" time="15.763">
      <system-out>Total : 1
Passed: 1
Failed: 0
Output: C:\projects\OrangeHRMWebApplication\output\20191003_123120\OrangeHRMWebApplication-plan.001,OHRM_01_signup.20191003_123122.001.xlsx
Logs  : C:\projects\OrangeHRMWebApplication\output\20191003_123120\logs\nexial-20191003_123120.log</system-out>
    </testcase>
    <testcase id="SelectNoOfEmployees" name="SelectNoOfEmployees" classname="signup" timestamp="2019-10-03T12:31:54" time="14.770">
      <system-out>Total : 1
Passed: 1
Failed: 0
Output: C:\projects\OrangeHRMWebApplication\output\20191003_123120\OrangeHRMWebApplication-plan.001,OHRM_01_signup.20191003_123122.001.xlsx
Logs  : C:\projects\OrangeHRMWebApplication\output\20191003_123120\logs\nexial-20191003_123120.log</system-out>
    </testcase>
    <testcase id="AssertNoOfEmployee" name="AssertNoOfEmployee" classname="signup" timestamp="2019-10-03T12:31:55" time="13.974">
      <system-out>Total : 1
Passed: 1
Failed: 0
Output: C:\projects\OrangeHRMWebApplication\output\20191003_123120\OrangeHRMWebApplication-plan.001,OHRM_01_signup.20191003_123122.001.xlsx
Logs  : C:\projects\OrangeHRMWebApplication\output\20191003_123120\logs\nexial-20191003_123120.log</system-out>
    </testcase>
    <testcase id="Entercompany" name="Entercompany" classname="signup" timestamp="2019-10-03T12:31:56" time="13.224">
      <system-out>Total : 1
Passed: 1
Failed: 0
Output: C:\projects\OrangeHRMWebApplication\output\20191003_123120\OrangeHRMWebApplication-plan.001,OHRM_01_signup.20191003_123122.001.xlsx
Logs  : C:\projects\OrangeHRMWebApplication\output\20191003_123120\logs\nexial-20191003_123120.log</system-out>
    </testcase>
    <testcase id="SelectIndustry" name="SelectIndustry" classname="signup" timestamp="2019-10-03T12:31:57" time="12.299">
      <system-out>Total : 1
Passed: 1
Failed: 0
Output: C:\projects\OrangeHRMWebApplication\output\20191003_123120\OrangeHRMWebApplication-plan.001,OHRM_01_signup.20191003_123122.001.xlsx
Logs  : C:\projects\OrangeHRMWebApplication\output\20191003_123120\logs\nexial-20191003_123120.log</system-out>
    </testcase>
    <testcase id="AssertIndustry" name="AssertIndustry" classname="signup" timestamp="2019-10-03T12:31:58" time="11.492">
      <system-out>Total : 1
Passed: 1
Failed: 0
Output: C:\projects\OrangeHRMWebApplication\output\20191003_123120\OrangeHRMWebApplication-plan.001,OHRM_01_signup.20191003_123122.001.xlsx
Logs  : C:\projects\OrangeHRMWebApplication\output\20191003_123120\logs\nexial-20191003_123120.log</system-out>
    </testcase>
    <testcase id="EnterPhoneNumber" name="EnterPhoneNumber" classname="signup" timestamp="2019-10-03T12:31:58" time="10.794">
      <system-out>Total : 1
Passed: 1
Failed: 0
Output: C:\projects\OrangeHRMWebApplication\output\20191003_123120\OrangeHRMWebApplication-plan.001,OHRM_01_signup.20191003_123122.001.xlsx
Logs  : C:\projects\OrangeHRMWebApplication\output\20191003_123120\logs\nexial-20191003_123120.log</system-out>
    </testcase>
    <testcase id="SelectCountry" name="SelectCountry" classname="signup" timestamp="2019-10-03T12:31:59" time="9.849">
      <system-out>Total : 1
Passed: 1
Failed: 0
Output: C:\projects\OrangeHRMWebApplication\output\20191003_123120\OrangeHRMWebApplication-plan.001,OHRM_01_signup.20191003_123122.001.xlsx
Logs  : C:\projects\OrangeHRMWebApplication\output\20191003_123120\logs\nexial-20191003_123120.log</system-out>
    </testcase>
    <testcase id="AssertCountry" name="AssertCountry" classname="signup" timestamp="2019-10-03T12:32:00" time="8.868">
      <system-out>Total : 1
Passed: 1
Failed: 0
Output: C:\projects\OrangeHRMWebApplication\output\20191003_123120\OrangeHRMWebApplication-plan.001,OHRM_01_signup.20191003_123122.001.xlsx
Logs  : C:\projects\OrangeHRMWebApplication\output\20191003_123120\logs\nexial-20191003_123120.log</system-out>
    </testcase>
    <testcase id="SelectState" name="SelectState" classname="signup" timestamp="2019-10-03T12:32:01" time="8.173">
      <system-out>Total : 1
Passed: 1
Failed: 0
Output: C:\projects\OrangeHRMWebApplication\output\20191003_123120\OrangeHRMWebApplication-plan.001,OHRM_01_signup.20191003_123122.001.xlsx
Logs  : C:\projects\OrangeHRMWebApplication\output\20191003_123120\logs\nexial-20191003_123120.log</system-out>
    </testcase>
    <testcase id="AssertCountry" name="AssertCountry" classname="signup" timestamp="2019-10-03T12:32:02" time="7.375">
      <system-out>Total : 1
Passed: 1
Failed: 0
Output: C:\projects\OrangeHRMWebApplication\output\20191003_123120\OrangeHRMWebApplication-plan.001,OHRM_01_signup.20191003_123122.001.xlsx
Logs  : C:\projects\OrangeHRMWebApplication\output\20191003_123120\logs\nexial-20191003_123120.log</system-out>
    </testcase>
    <testcase id="ClickCheckbox" name="ClickCheckbox" classname="signup" timestamp="2019-10-03T12:32:03" time="6.686">
      <system-out>Total : 1
Passed: 1
Failed: 0
Output: C:\projects\OrangeHRMWebApplication\output\20191003_123120\OrangeHRMWebApplication-plan.001,OHRM_01_signup.20191003_123122.001.xlsx
Logs  : C:\projects\OrangeHRMWebApplication\output\20191003_123120\logs\nexial-20191003_123120.log</system-out>
    </testcase>
    <testcase id="NotARobot" name="NotARobot" classname="signup" timestamp="2019-10-03T12:32:03" time="5.969">
      <failure type="failure found in test activity" message="1 of 1 FAILED. Check C:\projects\OrangeHRMWebApplication\output\20191003_123120\OrangeHRMWebApplication-plan.001,OHRM_01_signup.20191003_123122.001.xlsx for execution result, C:\projects\OrangeHRMWebApplication\output\20191003_123120\logs\nexial-20191003_123120.log for execution logs" />
      <system-out>Total : 1
Passed: 0
Failed: 1
Output: C:\projects\OrangeHRMWebApplication\output\20191003_123120\OrangeHRMWebApplication-plan.001,OHRM_01_signup.20191003_123122.001.xlsx
Logs  : C:\projects\OrangeHRMWebApplication\output\20191003_123120\logs\nexial-20191003_123120.log</system-out>
    </testcase>
    <testcase id="submit" name="submit" classname="signup" timestamp="2019-10-03T12:32:05" time="4.428">
      <system-out>Total : 1
Passed: 1
Failed: 0
Output: C:\projects\OrangeHRMWebApplication\output\20191003_123120\OrangeHRMWebApplication-plan.001,OHRM_01_signup.20191003_123122.001.xlsx
Logs  : C:\projects\OrangeHRMWebApplication\output\20191003_123120\logs\nexial-20191003_123120.log</system-out>
    </testcase>
  </testsuite>
  <testsuite id="2001" name="2 OHRM_02_features" package="2 OHRM_02_features" hostname="ATMECSINDT-055" timestamp="2019-10-03T12:32:12" time="29.002" tests="27" errors="0">
    <properties>
      <property name="Run From" value="ATMECSINDT-055" />
      <property name="Run OS" value="amd64 Windows 10 10.0" />
      <property name="Run User" value="ATMECSINDT-055$" />
      <property name="Iteration" value="1 of 1" />
      <property name="Script" value="OHRM_02_features.xlsx" />
      <property name="Logs" value="C:\projects\OrangeHRMWebApplication\output\20191003_123120\logs\nexial-20191003_123120.log" />
      <property name="runtime args" value="-plan C:\projects\OrangeHRMWebApplication\artifact\plan\OrangeHRMWebApplication-plan.xlsx" />
      <property name="DataSheet(s)" value="#default" />
      <property name="JAVA_OPT" value="-Dorg.apache.poi.util.POILogger=org.apache.poi.util.NullLogger" />
      <property name="Data File" value="OHRM_02_features.data.xlsx" />
    </properties>
    <testcase id="Feature-Personnel Information Management (PIM)" name="Feature-Personnel Information Management (PIM)" classname="Personnel Information Managemen" timestamp="2019-10-03T12:32:14" time="26.854">
      <system-out>Total : 27
Passed: 27
Failed: 0
Output: C:\projects\OrangeHRMWebApplication\output\20191003_123120\OrangeHRMWebApplication-plan.002,OHRM_02_features.20191003_123212.001.xlsx
Logs  : C:\projects\OrangeHRMWebApplication\output\20191003_123120\logs\nexial-20191003_123120.log</system-out>
    </testcase>
  </testsuite>
</testsuites>
