<?xml version="1.0" encoding="UTF-8"?>
<testsuites name="20191003_130858" timestamp="2019-10-03T13:08:58" time="44.307" tests="21" errors="1">
  <testsuite id="1" name="OHRM_01_signup" package="OHRM_01_signup" hostname="ATMECSINDT-055" timestamp="2019-10-03T13:09:01" time="40.419" tests="21" errors="1">
    <properties>
      <property name="Run From" value="ATMECSINDT-055" />
      <property name="Run OS" value="amd64 Windows 10 10.0" />
      <property name="Run User" value="ATMECSINDT-055$" />
      <property name="Iteration" value="1 of 1" />
      <property name="Script" value="OHRM_01_signup.xlsx" />
      <property name="Logs" value="C:\projects\OrangeHRMWebApplication\output\20191003_130858\logs\nexial-20191003_130858.log" />
      <property name="Data File" value="OHRM_01_signup.data.xlsx" />
      <property name="DataSheet(s)" value="#default" />
      <property name="JAVA_OPT" value="-Dorg.apache.poi.util.POILogger=org.apache.poi.util.NullLogger" />
      <property name="runtime args" value="-script C:\projects\OrangeHRMWebApplication\artifact\script\OHRM_01_signup.xlsx" />
    </properties>
    <testcase id="Openurl" name="Openurl" classname="signup" timestamp="2019-10-03T13:09:04" time="37.039">
      <system-out>Total : 1
Passed: 1
Failed: 0
Output: C:\projects\OrangeHRMWebApplication\output\20191003_130858\OHRM_01_signup.20191003_130901.001.xlsx
Logs  : C:\projects\OrangeHRMWebApplication\output\20191003_130858\logs\nexial-20191003_130858.log</system-out>
    </testcase>
    <testcase id="MaximizeWindow" name="MaximizeWindow" classname="signup" timestamp="2019-10-03T13:09:16" time="25.498">
      <system-out>Total : 1
Passed: 1
Failed: 0
Output: C:\projects\OrangeHRMWebApplication\output\20191003_130858\OHRM_01_signup.20191003_130901.001.xlsx
Logs  : C:\projects\OrangeHRMWebApplication\output\20191003_130858\logs\nexial-20191003_130858.log</system-out>
    </testcase>
    <testcase id="ClickUsername" name="ClickUsername" classname="signup" timestamp="2019-10-03T13:09:17" time="23.716">
      <system-out>Total : 1
Passed: 1
Failed: 0
Output: C:\projects\OrangeHRMWebApplication\output\20191003_130858\OHRM_01_signup.20191003_130901.001.xlsx
Logs  : C:\projects\OrangeHRMWebApplication\output\20191003_130858\logs\nexial-20191003_130858.log</system-out>
    </testcase>
    <testcase id="EnterFavoredUrl" name="EnterFavoredUrl" classname="signup" timestamp="2019-10-03T13:09:21" time="20.405">
      <system-out>Total : 1
Passed: 1
Failed: 0
Output: C:\projects\OrangeHRMWebApplication\output\20191003_130858\OHRM_01_signup.20191003_130901.001.xlsx
Logs  : C:\projects\OrangeHRMWebApplication\output\20191003_130858\logs\nexial-20191003_130858.log</system-out>
    </testcase>
    <testcase id="EnterFirstName" name="EnterFirstName" classname="signup" timestamp="2019-10-03T13:09:22" time="19.117">
      <system-out>Total : 1
Passed: 1
Failed: 0
Output: C:\projects\OrangeHRMWebApplication\output\20191003_130858\OHRM_01_signup.20191003_130901.001.xlsx
Logs  : C:\projects\OrangeHRMWebApplication\output\20191003_130858\logs\nexial-20191003_130858.log</system-out>
    </testcase>
    <testcase id="EnterLastName" name="EnterLastName" classname="signup" timestamp="2019-10-03T13:09:23" time="18.116">
      <system-out>Total : 1
Passed: 1
Failed: 0
Output: C:\projects\OrangeHRMWebApplication\output\20191003_130858\OHRM_01_signup.20191003_130901.001.xlsx
Logs  : C:\projects\OrangeHRMWebApplication\output\20191003_130858\logs\nexial-20191003_130858.log</system-out>
    </testcase>
    <testcase id="EnterEmail" name="EnterEmail" classname="signup" timestamp="2019-10-03T13:09:24" time="17.175">
      <system-out>Total : 1
Passed: 1
Failed: 0
Output: C:\projects\OrangeHRMWebApplication\output\20191003_130858\OHRM_01_signup.20191003_130901.001.xlsx
Logs  : C:\projects\OrangeHRMWebApplication\output\20191003_130858\logs\nexial-20191003_130858.log</system-out>
    </testcase>
    <testcase id="EnterJobTitle" name="EnterJobTitle" classname="signup" timestamp="2019-10-03T13:09:25" time="16.088">
      <system-out>Total : 1
Passed: 1
Failed: 0
Output: C:\projects\OrangeHRMWebApplication\output\20191003_130858\OHRM_01_signup.20191003_130901.001.xlsx
Logs  : C:\projects\OrangeHRMWebApplication\output\20191003_130858\logs\nexial-20191003_130858.log</system-out>
    </testcase>
    <testcase id="SelectNoOfEmployees" name="SelectNoOfEmployees" classname="signup" timestamp="2019-10-03T13:09:26" time="15.048">
      <system-out>Total : 1
Passed: 1
Failed: 0
Output: C:\projects\OrangeHRMWebApplication\output\20191003_130858\OHRM_01_signup.20191003_130901.001.xlsx
Logs  : C:\projects\OrangeHRMWebApplication\output\20191003_130858\logs\nexial-20191003_130858.log</system-out>
    </testcase>
    <testcase id="AssertNoOfEmployee" name="AssertNoOfEmployee" classname="signup" timestamp="2019-10-03T13:09:27" time="14.213">
      <system-out>Total : 1
Passed: 1
Failed: 0
Output: C:\projects\OrangeHRMWebApplication\output\20191003_130858\OHRM_01_signup.20191003_130901.001.xlsx
Logs  : C:\projects\OrangeHRMWebApplication\output\20191003_130858\logs\nexial-20191003_130858.log</system-out>
    </testcase>
    <testcase id="Entercompany" name="Entercompany" classname="signup" timestamp="2019-10-03T13:09:28" time="13.494">
      <system-out>Total : 1
Passed: 1
Failed: 0
Output: C:\projects\OrangeHRMWebApplication\output\20191003_130858\OHRM_01_signup.20191003_130901.001.xlsx
Logs  : C:\projects\OrangeHRMWebApplication\output\20191003_130858\logs\nexial-20191003_130858.log</system-out>
    </testcase>
    <testcase id="SelectIndustry" name="SelectIndustry" classname="signup" timestamp="2019-10-03T13:09:29" time="12.453">
      <system-out>Total : 1
Passed: 1
Failed: 0
Output: C:\projects\OrangeHRMWebApplication\output\20191003_130858\OHRM_01_signup.20191003_130901.001.xlsx
Logs  : C:\projects\OrangeHRMWebApplication\output\20191003_130858\logs\nexial-20191003_130858.log</system-out>
    </testcase>
    <testcase id="AssertIndustry" name="AssertIndustry" classname="signup" timestamp="2019-10-03T13:09:29" time="11.636">
      <system-out>Total : 1
Passed: 1
Failed: 0
Output: C:\projects\OrangeHRMWebApplication\output\20191003_130858\OHRM_01_signup.20191003_130901.001.xlsx
Logs  : C:\projects\OrangeHRMWebApplication\output\20191003_130858\logs\nexial-20191003_130858.log</system-out>
    </testcase>
    <testcase id="EnterPhoneNumber" name="EnterPhoneNumber" classname="signup" timestamp="2019-10-03T13:09:30" time="10.937">
      <system-out>Total : 1
Passed: 1
Failed: 0
Output: C:\projects\OrangeHRMWebApplication\output\20191003_130858\OHRM_01_signup.20191003_130901.001.xlsx
Logs  : C:\projects\OrangeHRMWebApplication\output\20191003_130858\logs\nexial-20191003_130858.log</system-out>
    </testcase>
    <testcase id="SelectCountry" name="SelectCountry" classname="signup" timestamp="2019-10-03T13:09:31" time="9.948">
      <system-out>Total : 1
Passed: 1
Failed: 0
Output: C:\projects\OrangeHRMWebApplication\output\20191003_130858\OHRM_01_signup.20191003_130901.001.xlsx
Logs  : C:\projects\OrangeHRMWebApplication\output\20191003_130858\logs\nexial-20191003_130858.log</system-out>
    </testcase>
    <testcase id="AssertCountry" name="AssertCountry" classname="signup" timestamp="2019-10-03T13:09:32" time="9.098">
      <system-out>Total : 1
Passed: 1
Failed: 0
Output: C:\projects\OrangeHRMWebApplication\output\20191003_130858\OHRM_01_signup.20191003_130901.001.xlsx
Logs  : C:\projects\OrangeHRMWebApplication\output\20191003_130858\logs\nexial-20191003_130858.log</system-out>
    </testcase>
    <testcase id="SelectState" name="SelectState" classname="signup" timestamp="2019-10-03T13:09:33" time="8.401">
      <system-out>Total : 1
Passed: 1
Failed: 0
Output: C:\projects\OrangeHRMWebApplication\output\20191003_130858\OHRM_01_signup.20191003_130901.001.xlsx
Logs  : C:\projects\OrangeHRMWebApplication\output\20191003_130858\logs\nexial-20191003_130858.log</system-out>
    </testcase>
    <testcase id="AssertCountry" name="AssertCountry" classname="signup" timestamp="2019-10-03T13:09:33" time="7.571">
      <system-out>Total : 1
Passed: 1
Failed: 0
Output: C:\projects\OrangeHRMWebApplication\output\20191003_130858\OHRM_01_signup.20191003_130901.001.xlsx
Logs  : C:\projects\OrangeHRMWebApplication\output\20191003_130858\logs\nexial-20191003_130858.log</system-out>
    </testcase>
    <testcase id="ClickCheckbox" name="ClickCheckbox" classname="signup" timestamp="2019-10-03T13:09:34" time="6.886">
      <system-out>Total : 1
Passed: 1
Failed: 0
Output: C:\projects\OrangeHRMWebApplication\output\20191003_130858\OHRM_01_signup.20191003_130901.001.xlsx
Logs  : C:\projects\OrangeHRMWebApplication\output\20191003_130858\logs\nexial-20191003_130858.log</system-out>
    </testcase>
    <testcase id="NotARobot" name="NotARobot" classname="signup" timestamp="2019-10-03T13:09:35" time="6.130">
      <failure type="failure found in test activity" message="1 of 1 FAILED. Check C:\projects\OrangeHRMWebApplication\output\20191003_130858\OHRM_01_signup.20191003_130901.001.xlsx for execution result, C:\projects\OrangeHRMWebApplication\output\20191003_130858\logs\nexial-20191003_130858.log for execution logs" />
      <system-out>Total : 1
Passed: 0
Failed: 1
Output: C:\projects\OrangeHRMWebApplication\output\20191003_130858\OHRM_01_signup.20191003_130901.001.xlsx
Logs  : C:\projects\OrangeHRMWebApplication\output\20191003_130858\logs\nexial-20191003_130858.log</system-out>
    </testcase>
    <testcase id="submit" name="submit" classname="signup" timestamp="2019-10-03T13:09:36" time="4.642">
      <system-out>Total : 1
Passed: 1
Failed: 0
Output: C:\projects\OrangeHRMWebApplication\output\20191003_130858\OHRM_01_signup.20191003_130901.001.xlsx
Logs  : C:\projects\OrangeHRMWebApplication\output\20191003_130858\logs\nexial-20191003_130858.log</system-out>
    </testcase>
  </testsuite>
</testsuites>
