<?xml version="1.0" encoding="UTF-8"?>
<testsuites name="20191001_125451" timestamp="2019-10-01T12:54:51" time="36.055" tests="15" errors="0">
  <testsuite id="1" name="OHRM_02_features" package="OHRM_02_features" hostname="ATMECSINDT-055" timestamp="2019-10-01T12:54:52" time="31.673" tests="15" errors="0">
    <properties>
      <property name="Run From" value="ATMECSINDT-055" />
      <property name="Run OS" value="amd64 Windows 10 10.0" />
      <property name="Run User" value="Sandhiya.Munisamy" />
      <property name="Iteration" value="1 of 1" />
      <property name="Script" value="OHRM_02_features.xlsx" />
      <property name="Logs" value="C:\projects\OrangeHRMWebApplication\output\20191001_125451\logs\nexial-20191001_125451.log" />
      <property name="Data File" value="OHRM_02_features.data.xlsx" />
      <property name="DataSheet(s)" value="#default" />
      <property name="JAVA_OPT" value="-Dorg.apache.poi.util.POILogger=org.apache.poi.util.NullLogger" />
      <property name="runtime args" value="-script C:\projects\OrangeHRMWebApplication\artifact\script\OHRM_02_features.xlsx" />
    </properties>
    <testcase id="Features" name="Features" classname="orangehrm" timestamp="2019-10-01T12:54:54" time="29.578">
      <system-out>Total : 15
Passed: 15
Failed: 0
Output: C:\projects\OrangeHRMWebApplication\output\20191001_125451\OHRM_02_features.20191001_125452.001.xlsx
Logs  : C:\projects\OrangeHRMWebApplication\output\20191001_125451\logs\nexial-20191001_125451.log</system-out>
    </testcase>
  </testsuite>
</testsuites>
