<?xml version="1.0" encoding="UTF-8"?>
<testsuites name="20191001_114636" timestamp="2019-10-01T11:46:36" time="29.109" tests="5" errors="0">
  <testsuite id="1" name="OHRM_02_features" package="OHRM_02_features" hostname="ATMECSINDT-055" timestamp="2019-10-01T11:46:37" time="23.608" tests="5" errors="0">
    <properties>
      <property name="Run From" value="ATMECSINDT-055" />
      <property name="Run OS" value="amd64 Windows 10 10.0" />
      <property name="Run User" value="Sandhiya.Munisamy" />
      <property name="Iteration" value="1 of 1" />
      <property name="Script" value="OHRM_02_features.xlsx" />
      <property name="Logs" value="C:\projects\OrangeHRMWebApplication\output\20191001_114636\logs\nexial-20191001_114636.log" />
      <property name="Data File" value="OHRM_02_features.data.xlsx" />
      <property name="DataSheet(s)" value="#default" />
      <property name="JAVA_OPT" value="-Dorg.apache.poi.util.POILogger=org.apache.poi.util.NullLogger" />
      <property name="runtime args" value="-script C:\projects\OrangeHRMWebApplication\artifact\script\OHRM_02_features.xlsx" />
    </properties>
    <testcase id="Features" name="Features" classname="orangehrm" timestamp="2019-10-01T11:46:40" time="20.629">
      <system-out>Total : 5
Passed: 5
Failed: 0
Output: C:\projects\OrangeHRMWebApplication\output\20191001_114636\OHRM_02_features.20191001_114637.001.xlsx
Logs  : C:\projects\OrangeHRMWebApplication\output\20191001_114636\logs\nexial-20191001_114636.log</system-out>
    </testcase>
  </testsuite>
</testsuites>
