<?xml version="1.0" encoding="UTF-8"?>
<testsuites name="20191001_151830" timestamp="2019-10-01T15:18:30" time="81.200" tests="55" errors="0">
  <testsuite id="1" name="OHRM_02_features" package="OHRM_02_features" hostname="ATMECSINDT-055" timestamp="2019-10-01T15:18:32" time="77.493" tests="55" errors="0">
    <properties>
      <property name="Run From" value="ATMECSINDT-055" />
      <property name="Run OS" value="amd64 Windows 10 10.0" />
      <property name="Run User" value="Sandhiya.Munisamy" />
      <property name="Iteration" value="1 of 1" />
      <property name="Script" value="OHRM_02_features.xlsx" />
      <property name="Logs" value="C:\projects\OrangeHRMWebApplication\output\20191001_151830\logs\nexial-20191001_151830.log" />
      <property name="Data File" value="OHRM_02_features.data.xlsx" />
      <property name="DataSheet(s)" value="#default" />
      <property name="JAVA_OPT" value="-Dorg.apache.poi.util.POILogger=org.apache.poi.util.NullLogger" />
      <property name="runtime args" value="-script C:\projects\OrangeHRMWebApplication\artifact\script\OHRM_02_features.xlsx" />
    </properties>
    <testcase id="Feature-Personnel Information Management (PIM)" name="Feature-Personnel Information Management (PIM)" classname="Personnel Information Managemen" timestamp="2019-10-01T15:18:36" time="73.213">
      <system-out>Total : 23
Passed: 23
Failed: 0
Output: C:\projects\OrangeHRMWebApplication\output\20191001_151830\OHRM_02_features.20191001_151832.001.xlsx
Logs  : C:\projects\OrangeHRMWebApplication\output\20191001_151830\logs\nexial-20191001_151830.log</system-out>
    </testcase>
    <testcase id="Feature-Leave/ Time off Management" name="Feature-Leave/ Time off Management" classname="Leave or  Time off Management" timestamp="2019-10-01T15:19:13" time="37.099">
      <system-out>Total : 16
Passed: 16
Failed: 0
Output: C:\projects\OrangeHRMWebApplication\output\20191001_151830\OHRM_02_features.20191001_151832.001.xlsx
Logs  : C:\projects\OrangeHRMWebApplication\output\20191001_151830\logs\nexial-20191001_151830.log</system-out>
    </testcase>
    <testcase id="Feature-Time &amp; Attendance Management" name="Feature-Time &amp; Attendance Management" classname="Time &amp; Attendance Management" timestamp="2019-10-01T15:19:32" time="17.907">
      <system-out>Total : 16
Passed: 16
Failed: 0
Output: C:\projects\OrangeHRMWebApplication\output\20191001_151830\OHRM_02_features.20191001_151832.001.xlsx
Logs  : C:\projects\OrangeHRMWebApplication\output\20191001_151830\logs\nexial-20191001_151830.log</system-out>
    </testcase>
  </testsuite>
</testsuites>
