<?xml version="1.0" encoding="UTF-8"?>
<testsuites name="20191003_160107" timestamp="2019-10-03T16:01:07" time="75.176" tests="47" errors="0">
  <testsuite id="1001" name="1 OHRM_01_signup" package="1 OHRM_01_signup" hostname="ATMECSINDT-055" timestamp="2019-10-03T16:01:09" time="41.206" tests="20" errors="0">
    <properties>
      <property name="Run From" value="ATMECSINDT-055" />
      <property name="Run OS" value="amd64 Windows 10 10.0" />
      <property name="Run User" value="ATMECSINDT-055$" />
      <property name="Iteration" value="1 of 1" />
      <property name="Script" value="OHRM_01_signup.xlsx" />
      <property name="Logs" value="C:\projects\OrangeHRMWebApplication\output\20191003_160107\logs\nexial-20191003_160107.log" />
      <property name="Data File" value="OHRM_01_signup.data.xlsx" />
      <property name="DataSheet(s)" value="#default" />
      <property name="JAVA_OPT" value="-Dorg.apache.poi.util.POILogger=org.apache.poi.util.NullLogger" />
      <property name="runtime args" value="-plan C:\projects\OrangeHRMWebApplication\artifact\plan\OrangeHRMWebApplication-plan.xlsx" />
    </properties>
    <testcase id="Openurl" name="Openurl" classname="signup" timestamp="2019-10-03T16:01:13" time="37.251">
      <system-out>Total : 1
Passed: 1
Failed: 0
Output: C:\projects\OrangeHRMWebApplication\output\20191003_160107\OrangeHRMWebApplication-plan.001,OHRM_01_signup.20191003_160109.001.xlsx
Logs  : C:\projects\OrangeHRMWebApplication\output\20191003_160107\logs\nexial-20191003_160107.log</system-out>
    </testcase>
    <testcase id="MaximizeWindow" name="MaximizeWindow" classname="signup" timestamp="2019-10-03T16:01:26" time="24.297">
      <system-out>Total : 1
Passed: 1
Failed: 0
Output: C:\projects\OrangeHRMWebApplication\output\20191003_160107\OrangeHRMWebApplication-plan.001,OHRM_01_signup.20191003_160109.001.xlsx
Logs  : C:\projects\OrangeHRMWebApplication\output\20191003_160107\logs\nexial-20191003_160107.log</system-out>
    </testcase>
    <testcase id="ClickUsername" name="ClickUsername" classname="signup" timestamp="2019-10-03T16:01:28" time="22.224">
      <system-out>Total : 1
Passed: 1
Failed: 0
Output: C:\projects\OrangeHRMWebApplication\output\20191003_160107\OrangeHRMWebApplication-plan.001,OHRM_01_signup.20191003_160109.001.xlsx
Logs  : C:\projects\OrangeHRMWebApplication\output\20191003_160107\logs\nexial-20191003_160107.log</system-out>
    </testcase>
    <testcase id="EnterFavoredUrl" name="EnterFavoredUrl" classname="signup" timestamp="2019-10-03T16:01:31" time="18.669">
      <system-out>Total : 1
Passed: 1
Failed: 0
Output: C:\projects\OrangeHRMWebApplication\output\20191003_160107\OrangeHRMWebApplication-plan.001,OHRM_01_signup.20191003_160109.001.xlsx
Logs  : C:\projects\OrangeHRMWebApplication\output\20191003_160107\logs\nexial-20191003_160107.log</system-out>
    </testcase>
    <testcase id="EnterFirstName" name="EnterFirstName" classname="signup" timestamp="2019-10-03T16:01:32" time="17.572">
      <system-out>Total : 1
Passed: 1
Failed: 0
Output: C:\projects\OrangeHRMWebApplication\output\20191003_160107\OrangeHRMWebApplication-plan.001,OHRM_01_signup.20191003_160109.001.xlsx
Logs  : C:\projects\OrangeHRMWebApplication\output\20191003_160107\logs\nexial-20191003_160107.log</system-out>
    </testcase>
    <testcase id="EnterLastName" name="EnterLastName" classname="signup" timestamp="2019-10-03T16:01:33" time="16.496">
      <system-out>Total : 1
Passed: 1
Failed: 0
Output: C:\projects\OrangeHRMWebApplication\output\20191003_160107\OrangeHRMWebApplication-plan.001,OHRM_01_signup.20191003_160109.001.xlsx
Logs  : C:\projects\OrangeHRMWebApplication\output\20191003_160107\logs\nexial-20191003_160107.log</system-out>
    </testcase>
    <testcase id="EnterEmail" name="EnterEmail" classname="signup" timestamp="2019-10-03T16:01:34" time="15.533">
      <system-out>Total : 1
Passed: 1
Failed: 0
Output: C:\projects\OrangeHRMWebApplication\output\20191003_160107\OrangeHRMWebApplication-plan.001,OHRM_01_signup.20191003_160109.001.xlsx
Logs  : C:\projects\OrangeHRMWebApplication\output\20191003_160107\logs\nexial-20191003_160107.log</system-out>
    </testcase>
    <testcase id="EnterJobTitle" name="EnterJobTitle" classname="signup" timestamp="2019-10-03T16:01:35" time="14.395">
      <system-out>Total : 1
Passed: 1
Failed: 0
Output: C:\projects\OrangeHRMWebApplication\output\20191003_160107\OrangeHRMWebApplication-plan.001,OHRM_01_signup.20191003_160109.001.xlsx
Logs  : C:\projects\OrangeHRMWebApplication\output\20191003_160107\logs\nexial-20191003_160107.log</system-out>
    </testcase>
    <testcase id="SelectNoOfEmployees" name="SelectNoOfEmployees" classname="signup" timestamp="2019-10-03T16:01:36" time="13.385">
      <system-out>Total : 1
Passed: 1
Failed: 0
Output: C:\projects\OrangeHRMWebApplication\output\20191003_160107\OrangeHRMWebApplication-plan.001,OHRM_01_signup.20191003_160109.001.xlsx
Logs  : C:\projects\OrangeHRMWebApplication\output\20191003_160107\logs\nexial-20191003_160107.log</system-out>
    </testcase>
    <testcase id="AssertNoOfEmployee" name="AssertNoOfEmployee" classname="signup" timestamp="2019-10-03T16:01:37" time="12.549">
      <system-out>Total : 1
Passed: 1
Failed: 0
Output: C:\projects\OrangeHRMWebApplication\output\20191003_160107\OrangeHRMWebApplication-plan.001,OHRM_01_signup.20191003_160109.001.xlsx
Logs  : C:\projects\OrangeHRMWebApplication\output\20191003_160107\logs\nexial-20191003_160107.log</system-out>
    </testcase>
    <testcase id="Entercompany" name="Entercompany" classname="signup" timestamp="2019-10-03T16:01:38" time="11.849">
      <system-out>Total : 1
Passed: 1
Failed: 0
Output: C:\projects\OrangeHRMWebApplication\output\20191003_160107\OrangeHRMWebApplication-plan.001,OHRM_01_signup.20191003_160109.001.xlsx
Logs  : C:\projects\OrangeHRMWebApplication\output\20191003_160107\logs\nexial-20191003_160107.log</system-out>
    </testcase>
    <testcase id="SelectIndustry" name="SelectIndustry" classname="signup" timestamp="2019-10-03T16:01:39" time="10.917">
      <system-out>Total : 1
Passed: 1
Failed: 0
Output: C:\projects\OrangeHRMWebApplication\output\20191003_160107\OrangeHRMWebApplication-plan.001,OHRM_01_signup.20191003_160109.001.xlsx
Logs  : C:\projects\OrangeHRMWebApplication\output\20191003_160107\logs\nexial-20191003_160107.log</system-out>
    </testcase>
    <testcase id="AssertIndustry" name="AssertIndustry" classname="signup" timestamp="2019-10-03T16:01:40" time="10.108">
      <system-out>Total : 1
Passed: 1
Failed: 0
Output: C:\projects\OrangeHRMWebApplication\output\20191003_160107\OrangeHRMWebApplication-plan.001,OHRM_01_signup.20191003_160109.001.xlsx
Logs  : C:\projects\OrangeHRMWebApplication\output\20191003_160107\logs\nexial-20191003_160107.log</system-out>
    </testcase>
    <testcase id="EnterPhoneNumber" name="EnterPhoneNumber" classname="signup" timestamp="2019-10-03T16:01:40" time="9.408">
      <system-out>Total : 1
Passed: 1
Failed: 0
Output: C:\projects\OrangeHRMWebApplication\output\20191003_160107\OrangeHRMWebApplication-plan.001,OHRM_01_signup.20191003_160109.001.xlsx
Logs  : C:\projects\OrangeHRMWebApplication\output\20191003_160107\logs\nexial-20191003_160107.log</system-out>
    </testcase>
    <testcase id="SelectCountry" name="SelectCountry" classname="signup" timestamp="2019-10-03T16:01:41" time="8.458">
      <system-out>Total : 1
Passed: 1
Failed: 0
Output: C:\projects\OrangeHRMWebApplication\output\20191003_160107\OrangeHRMWebApplication-plan.001,OHRM_01_signup.20191003_160109.001.xlsx
Logs  : C:\projects\OrangeHRMWebApplication\output\20191003_160107\logs\nexial-20191003_160107.log</system-out>
    </testcase>
    <testcase id="AssertCountry" name="AssertCountry" classname="signup" timestamp="2019-10-03T16:01:42" time="7.622">
      <system-out>Total : 1
Passed: 1
Failed: 0
Output: C:\projects\OrangeHRMWebApplication\output\20191003_160107\OrangeHRMWebApplication-plan.001,OHRM_01_signup.20191003_160109.001.xlsx
Logs  : C:\projects\OrangeHRMWebApplication\output\20191003_160107\logs\nexial-20191003_160107.log</system-out>
    </testcase>
    <testcase id="SelectState" name="SelectState" classname="signup" timestamp="2019-10-03T16:01:43" time="6.921">
      <system-out>Total : 1
Passed: 1
Failed: 0
Output: C:\projects\OrangeHRMWebApplication\output\20191003_160107\OrangeHRMWebApplication-plan.001,OHRM_01_signup.20191003_160109.001.xlsx
Logs  : C:\projects\OrangeHRMWebApplication\output\20191003_160107\logs\nexial-20191003_160107.log</system-out>
    </testcase>
    <testcase id="AssertCountry" name="AssertCountry" classname="signup" timestamp="2019-10-03T16:01:44" time="6.113">
      <system-out>Total : 1
Passed: 1
Failed: 0
Output: C:\projects\OrangeHRMWebApplication\output\20191003_160107\OrangeHRMWebApplication-plan.001,OHRM_01_signup.20191003_160109.001.xlsx
Logs  : C:\projects\OrangeHRMWebApplication\output\20191003_160107\logs\nexial-20191003_160107.log</system-out>
    </testcase>
    <testcase id="ClickCheckbox" name="ClickCheckbox" classname="signup" timestamp="2019-10-03T16:01:44" time="5.408">
      <system-out>Total : 1
Passed: 1
Failed: 0
Output: C:\projects\OrangeHRMWebApplication\output\20191003_160107\OrangeHRMWebApplication-plan.001,OHRM_01_signup.20191003_160109.001.xlsx
Logs  : C:\projects\OrangeHRMWebApplication\output\20191003_160107\logs\nexial-20191003_160107.log</system-out>
    </testcase>
    <testcase id="submit" name="submit" classname="signup" timestamp="2019-10-03T16:01:45" time="4.671">
      <system-out>Total : 1
Passed: 1
Failed: 0
Output: C:\projects\OrangeHRMWebApplication\output\20191003_160107\OrangeHRMWebApplication-plan.001,OHRM_01_signup.20191003_160109.001.xlsx
Logs  : C:\projects\OrangeHRMWebApplication\output\20191003_160107\logs\nexial-20191003_160107.log</system-out>
    </testcase>
  </testsuite>
  <testsuite id="2001" name="2 OHRM_02_features" package="2 OHRM_02_features" hostname="ATMECSINDT-055" timestamp="2019-10-03T16:01:51" time="29.899" tests="27" errors="0">
    <properties>
      <property name="Run From" value="ATMECSINDT-055" />
      <property name="Run OS" value="amd64 Windows 10 10.0" />
      <property name="Run User" value="ATMECSINDT-055$" />
      <property name="Iteration" value="1 of 1" />
      <property name="Script" value="OHRM_02_features.xlsx" />
      <property name="Logs" value="C:\projects\OrangeHRMWebApplication\output\20191003_160107\logs\nexial-20191003_160107.log" />
      <property name="runtime args" value="-plan C:\projects\OrangeHRMWebApplication\artifact\plan\OrangeHRMWebApplication-plan.xlsx" />
      <property name="DataSheet(s)" value="#default" />
      <property name="JAVA_OPT" value="-Dorg.apache.poi.util.POILogger=org.apache.poi.util.NullLogger" />
      <property name="Data File" value="OHRM_02_features.data.xlsx" />
    </properties>
    <testcase id="Feature-Personnel Information Management (PIM)" name="Feature-Personnel Information Management (PIM)" classname="Personnel Information Managemen" timestamp="2019-10-03T16:01:53" time="27.659">
      <system-out>Total : 27
Passed: 27
Failed: 0
Output: C:\projects\OrangeHRMWebApplication\output\20191003_160107\OrangeHRMWebApplication-plan.002,OHRM_02_features.20191003_160151.001.xlsx
Logs  : C:\projects\OrangeHRMWebApplication\output\20191003_160107\logs\nexial-20191003_160107.log</system-out>
    </testcase>
  </testsuite>
</testsuites>
