<?xml version="1.0" encoding="UTF-8"?>
<testsuites name="20191001_151538" timestamp="2019-10-01T15:15:38" time="79.188" tests="53" errors="0">
  <testsuite id="1" name="OHRM_02_features" package="OHRM_02_features" hostname="ATMECSINDT-055" timestamp="2019-10-01T15:15:40" time="75.585" tests="53" errors="0">
    <properties>
      <property name="Run From" value="ATMECSINDT-055" />
      <property name="Run OS" value="amd64 Windows 10 10.0" />
      <property name="Run User" value="Sandhiya.Munisamy" />
      <property name="Iteration" value="1 of 1" />
      <property name="Script" value="OHRM_02_features.xlsx" />
      <property name="Logs" value="C:\projects\OrangeHRMWebApplication\output\20191001_151538\logs\nexial-20191001_151538.log" />
      <property name="Data File" value="OHRM_02_features.data.xlsx" />
      <property name="DataSheet(s)" value="#default" />
      <property name="JAVA_OPT" value="-Dorg.apache.poi.util.POILogger=org.apache.poi.util.NullLogger" />
      <property name="runtime args" value="-script C:\projects\OrangeHRMWebApplication\artifact\script\OHRM_02_features.xlsx" />
    </properties>
    <testcase id="Feature-Personnel Information Management (PIM)" name="Feature-Personnel Information Management (PIM)" classname="Personnel Information Managemen" timestamp="2019-10-01T15:15:44" time="71.034">
      <system-out>Total : 23
Passed: 23
Failed: 0
Output: C:\projects\OrangeHRMWebApplication\output\20191001_151538\OHRM_02_features.20191001_151540.001.xlsx
Logs  : C:\projects\OrangeHRMWebApplication\output\20191001_151538\logs\nexial-20191001_151538.log</system-out>
    </testcase>
    <testcase id="Feature-Leave/ Time off Management" name="Feature-Leave/ Time off Management" classname="Leave or  Time off Management" timestamp="2019-10-01T15:16:21" time="34.953">
      <system-out>Total : 15
Passed: 15
Failed: 0
Output: C:\projects\OrangeHRMWebApplication\output\20191001_151538\OHRM_02_features.20191001_151540.001.xlsx
Logs  : C:\projects\OrangeHRMWebApplication\output\20191001_151538\logs\nexial-20191001_151538.log</system-out>
    </testcase>
    <testcase id="Feature-Time &amp; Attendance Management" name="Feature-Time &amp; Attendance Management" classname="Time &amp; Attendance Management" timestamp="2019-10-01T15:16:39" time="16.318">
      <system-out>Total : 15
Passed: 15
Failed: 0
Output: C:\projects\OrangeHRMWebApplication\output\20191001_151538\OHRM_02_features.20191001_151540.001.xlsx
Logs  : C:\projects\OrangeHRMWebApplication\output\20191001_151538\logs\nexial-20191001_151538.log</system-out>
    </testcase>
  </testsuite>
</testsuites>
