<?xml version="1.0" encoding="UTF-8"?>
<testsuites name="20191003_170912" timestamp="2019-10-03T17:09:12" time="82.159" tests="47" errors="0">
  <testsuite id="1001" name="1 OHRM_01_signup" package="1 OHRM_01_signup" hostname="ATMECSINDT-055" timestamp="2019-10-03T17:09:14" time="44.877" tests="20" errors="0">
    <properties>
      <property name="Run From" value="ATMECSINDT-055" />
      <property name="Run OS" value="amd64 Windows 10 10.0" />
      <property name="Run User" value="ATMECSINDT-055$" />
      <property name="Iteration" value="1 of 1" />
      <property name="Script" value="OHRM_01_signup.xlsx" />
      <property name="Logs" value="C:\projects\OrangeHRMWebApplication\output\20191003_170912\logs\nexial-20191003_170912.log" />
      <property name="Data File" value="OHRM_01_signup.data.xlsx" />
      <property name="DataSheet(s)" value="#default" />
      <property name="JAVA_OPT" value="-Dorg.apache.poi.util.POILogger=org.apache.poi.util.NullLogger" />
      <property name="runtime args" value="-plan C:\projects\OrangeHRMWebApplication\artifact\plan\OrangeHRMWebApplication-plan.xlsx" />
    </properties>
    <testcase id="Openurl" name="Openurl" classname="signup" timestamp="2019-10-03T17:09:17" time="42.333">
      <system-out>Total : 1
Passed: 1
Failed: 0
Output: C:\projects\OrangeHRMWebApplication\output\20191003_170912\OrangeHRMWebApplication-plan.001,OHRM_01_signup.20191003_170914.001.xlsx
Logs  : C:\projects\OrangeHRMWebApplication\output\20191003_170912\logs\nexial-20191003_170912.log</system-out>
    </testcase>
    <testcase id="MaximizeWindow" name="MaximizeWindow" classname="signup" timestamp="2019-10-03T17:09:33" time="25.810">
      <system-out>Total : 1
Passed: 1
Failed: 0
Output: C:\projects\OrangeHRMWebApplication\output\20191003_170912\OrangeHRMWebApplication-plan.001,OHRM_01_signup.20191003_170914.001.xlsx
Logs  : C:\projects\OrangeHRMWebApplication\output\20191003_170912\logs\nexial-20191003_170912.log</system-out>
    </testcase>
    <testcase id="ClickUsername" name="ClickUsername" classname="signup" timestamp="2019-10-03T17:09:35" time="23.982">
      <system-out>Total : 1
Passed: 1
Failed: 0
Output: C:\projects\OrangeHRMWebApplication\output\20191003_170912\OrangeHRMWebApplication-plan.001,OHRM_01_signup.20191003_170914.001.xlsx
Logs  : C:\projects\OrangeHRMWebApplication\output\20191003_170912\logs\nexial-20191003_170912.log</system-out>
    </testcase>
    <testcase id="EnterFavoredUrl" name="EnterFavoredUrl" classname="signup" timestamp="2019-10-03T17:09:40" time="19.598">
      <system-out>Total : 1
Passed: 1
Failed: 0
Output: C:\projects\OrangeHRMWebApplication\output\20191003_170912\OrangeHRMWebApplication-plan.001,OHRM_01_signup.20191003_170914.001.xlsx
Logs  : C:\projects\OrangeHRMWebApplication\output\20191003_170912\logs\nexial-20191003_170912.log</system-out>
    </testcase>
    <testcase id="EnterFirstName" name="EnterFirstName" classname="signup" timestamp="2019-10-03T17:09:41" time="18.254">
      <system-out>Total : 1
Passed: 1
Failed: 0
Output: C:\projects\OrangeHRMWebApplication\output\20191003_170912\OrangeHRMWebApplication-plan.001,OHRM_01_signup.20191003_170914.001.xlsx
Logs  : C:\projects\OrangeHRMWebApplication\output\20191003_170912\logs\nexial-20191003_170912.log</system-out>
    </testcase>
    <testcase id="EnterLastName" name="EnterLastName" classname="signup" timestamp="2019-10-03T17:09:42" time="17.243">
      <system-out>Total : 1
Passed: 1
Failed: 0
Output: C:\projects\OrangeHRMWebApplication\output\20191003_170912\OrangeHRMWebApplication-plan.001,OHRM_01_signup.20191003_170914.001.xlsx
Logs  : C:\projects\OrangeHRMWebApplication\output\20191003_170912\logs\nexial-20191003_170912.log</system-out>
    </testcase>
    <testcase id="EnterEmail" name="EnterEmail" classname="signup" timestamp="2019-10-03T17:09:43" time="16.190">
      <system-out>Total : 1
Passed: 1
Failed: 0
Output: C:\projects\OrangeHRMWebApplication\output\20191003_170912\OrangeHRMWebApplication-plan.001,OHRM_01_signup.20191003_170914.001.xlsx
Logs  : C:\projects\OrangeHRMWebApplication\output\20191003_170912\logs\nexial-20191003_170912.log</system-out>
    </testcase>
    <testcase id="EnterJobTitle" name="EnterJobTitle" classname="signup" timestamp="2019-10-03T17:09:44" time="14.805">
      <system-out>Total : 1
Passed: 1
Failed: 0
Output: C:\projects\OrangeHRMWebApplication\output\20191003_170912\OrangeHRMWebApplication-plan.001,OHRM_01_signup.20191003_170914.001.xlsx
Logs  : C:\projects\OrangeHRMWebApplication\output\20191003_170912\logs\nexial-20191003_170912.log</system-out>
    </testcase>
    <testcase id="SelectNoOfEmployees" name="SelectNoOfEmployees" classname="signup" timestamp="2019-10-03T17:09:46" time="13.553">
      <system-out>Total : 1
Passed: 1
Failed: 0
Output: C:\projects\OrangeHRMWebApplication\output\20191003_170912\OrangeHRMWebApplication-plan.001,OHRM_01_signup.20191003_170914.001.xlsx
Logs  : C:\projects\OrangeHRMWebApplication\output\20191003_170912\logs\nexial-20191003_170912.log</system-out>
    </testcase>
    <testcase id="AssertNoOfEmployee" name="AssertNoOfEmployee" classname="signup" timestamp="2019-10-03T17:09:47" time="12.612">
      <system-out>Total : 1
Passed: 1
Failed: 0
Output: C:\projects\OrangeHRMWebApplication\output\20191003_170912\OrangeHRMWebApplication-plan.001,OHRM_01_signup.20191003_170914.001.xlsx
Logs  : C:\projects\OrangeHRMWebApplication\output\20191003_170912\logs\nexial-20191003_170912.log</system-out>
    </testcase>
    <testcase id="Entercompany" name="Entercompany" classname="signup" timestamp="2019-10-03T17:09:47" time="11.865">
      <system-out>Total : 1
Passed: 1
Failed: 0
Output: C:\projects\OrangeHRMWebApplication\output\20191003_170912\OrangeHRMWebApplication-plan.001,OHRM_01_signup.20191003_170914.001.xlsx
Logs  : C:\projects\OrangeHRMWebApplication\output\20191003_170912\logs\nexial-20191003_170912.log</system-out>
    </testcase>
    <testcase id="SelectIndustry" name="SelectIndustry" classname="signup" timestamp="2019-10-03T17:09:48" time="10.849">
      <system-out>Total : 1
Passed: 1
Failed: 0
Output: C:\projects\OrangeHRMWebApplication\output\20191003_170912\OrangeHRMWebApplication-plan.001,OHRM_01_signup.20191003_170914.001.xlsx
Logs  : C:\projects\OrangeHRMWebApplication\output\20191003_170912\logs\nexial-20191003_170912.log</system-out>
    </testcase>
    <testcase id="AssertIndustry" name="AssertIndustry" classname="signup" timestamp="2019-10-03T17:09:49" time="9.917">
      <system-out>Total : 1
Passed: 1
Failed: 0
Output: C:\projects\OrangeHRMWebApplication\output\20191003_170912\OrangeHRMWebApplication-plan.001,OHRM_01_signup.20191003_170914.001.xlsx
Logs  : C:\projects\OrangeHRMWebApplication\output\20191003_170912\logs\nexial-20191003_170912.log</system-out>
    </testcase>
    <testcase id="EnterPhoneNumber" name="EnterPhoneNumber" classname="signup" timestamp="2019-10-03T17:09:50" time="9.208">
      <system-out>Total : 1
Passed: 1
Failed: 0
Output: C:\projects\OrangeHRMWebApplication\output\20191003_170912\OrangeHRMWebApplication-plan.001,OHRM_01_signup.20191003_170914.001.xlsx
Logs  : C:\projects\OrangeHRMWebApplication\output\20191003_170912\logs\nexial-20191003_170912.log</system-out>
    </testcase>
    <testcase id="SelectCountry" name="SelectCountry" classname="signup" timestamp="2019-10-03T17:09:51" time="8.170">
      <system-out>Total : 1
Passed: 1
Failed: 0
Output: C:\projects\OrangeHRMWebApplication\output\20191003_170912\OrangeHRMWebApplication-plan.001,OHRM_01_signup.20191003_170914.001.xlsx
Logs  : C:\projects\OrangeHRMWebApplication\output\20191003_170912\logs\nexial-20191003_170912.log</system-out>
    </testcase>
    <testcase id="AssertCountry" name="AssertCountry" classname="signup" timestamp="2019-10-03T17:09:52" time="7.347">
      <system-out>Total : 1
Passed: 1
Failed: 0
Output: C:\projects\OrangeHRMWebApplication\output\20191003_170912\OrangeHRMWebApplication-plan.001,OHRM_01_signup.20191003_170914.001.xlsx
Logs  : C:\projects\OrangeHRMWebApplication\output\20191003_170912\logs\nexial-20191003_170912.log</system-out>
    </testcase>
    <testcase id="SelectState" name="SelectState" classname="signup" timestamp="2019-10-03T17:09:53" time="6.653">
      <system-out>Total : 1
Passed: 1
Failed: 0
Output: C:\projects\OrangeHRMWebApplication\output\20191003_170912\OrangeHRMWebApplication-plan.001,OHRM_01_signup.20191003_170914.001.xlsx
Logs  : C:\projects\OrangeHRMWebApplication\output\20191003_170912\logs\nexial-20191003_170912.log</system-out>
    </testcase>
    <testcase id="AssertCountry" name="AssertCountry" classname="signup" timestamp="2019-10-03T17:09:53" time="5.844">
      <system-out>Total : 1
Passed: 1
Failed: 0
Output: C:\projects\OrangeHRMWebApplication\output\20191003_170912\OrangeHRMWebApplication-plan.001,OHRM_01_signup.20191003_170914.001.xlsx
Logs  : C:\projects\OrangeHRMWebApplication\output\20191003_170912\logs\nexial-20191003_170912.log</system-out>
    </testcase>
    <testcase id="ClickCheckbox" name="ClickCheckbox" classname="signup" timestamp="2019-10-03T17:09:54" time="5.158">
      <system-out>Total : 1
Passed: 1
Failed: 0
Output: C:\projects\OrangeHRMWebApplication\output\20191003_170912\OrangeHRMWebApplication-plan.001,OHRM_01_signup.20191003_170914.001.xlsx
Logs  : C:\projects\OrangeHRMWebApplication\output\20191003_170912\logs\nexial-20191003_170912.log</system-out>
    </testcase>
    <testcase id="submit" name="submit" classname="signup" timestamp="2019-10-03T17:09:55" time="4.398">
      <system-out>Total : 1
Passed: 1
Failed: 0
Output: C:\projects\OrangeHRMWebApplication\output\20191003_170912\OrangeHRMWebApplication-plan.001,OHRM_01_signup.20191003_170914.001.xlsx
Logs  : C:\projects\OrangeHRMWebApplication\output\20191003_170912\logs\nexial-20191003_170912.log</system-out>
    </testcase>
  </testsuite>
  <testsuite id="2001" name="2 OHRM_02_features" package="2 OHRM_02_features" hostname="ATMECSINDT-055" timestamp="2019-10-03T17:10:01" time="31.580" tests="27" errors="0">
    <properties>
      <property name="Run From" value="ATMECSINDT-055" />
      <property name="Run OS" value="amd64 Windows 10 10.0" />
      <property name="Run User" value="ATMECSINDT-055$" />
      <property name="Iteration" value="1 of 1" />
      <property name="Script" value="OHRM_02_features.xlsx" />
      <property name="Logs" value="C:\projects\OrangeHRMWebApplication\output\20191003_170912\logs\nexial-20191003_170912.log" />
      <property name="runtime args" value="-plan C:\projects\OrangeHRMWebApplication\artifact\plan\OrangeHRMWebApplication-plan.xlsx" />
      <property name="DataSheet(s)" value="#default" />
      <property name="JAVA_OPT" value="-Dorg.apache.poi.util.POILogger=org.apache.poi.util.NullLogger" />
      <property name="Data File" value="OHRM_02_features.data.xlsx" />
    </properties>
    <testcase id="Feature-Personnel Information Management (PIM)" name="Feature-Personnel Information Management (PIM)" classname="Personnel Information Managemen" timestamp="2019-10-03T17:10:04" time="29.013">
      <system-out>Total : 27
Passed: 27
Failed: 0
Output: C:\projects\OrangeHRMWebApplication\output\20191003_170912\OrangeHRMWebApplication-plan.002,OHRM_02_features.20191003_171001.001.xlsx
Logs  : C:\projects\OrangeHRMWebApplication\output\20191003_170912\logs\nexial-20191003_170912.log</system-out>
    </testcase>
  </testsuite>
</testsuites>
