<?xml version="1.0" encoding="UTF-8"?>
<testsuites name="20191003_182705" timestamp="2019-10-03T18:27:05" time="90.424" tests="47" errors="0">
  <testsuite id="1001" name="1 OHRM_01_signup" package="1 OHRM_01_signup" hostname="ATMECSINDT-055" timestamp="2019-10-03T18:27:07" time="53.888" tests="20" errors="0">
    <properties>
      <property name="Run From" value="ATMECSINDT-055" />
      <property name="Run OS" value="amd64 Windows 10 10.0" />
      <property name="Run User" value="ATMECSINDT-055$" />
      <property name="Iteration" value="1 of 1" />
      <property name="Script" value="OHRM_01_signup.xlsx" />
      <property name="Logs" value="C:\projects\OrangeHRMWebApplication\output\20191003_182705\logs\nexial-20191003_182705.log" />
      <property name="Data File" value="OHRM_01_signup.data.xlsx" />
      <property name="DataSheet(s)" value="#default" />
      <property name="JAVA_OPT" value="-Dorg.apache.poi.util.POILogger=org.apache.poi.util.NullLogger" />
      <property name="runtime args" value="-plan C:\projects\OrangeHRMWebApplication\artifact\plan\OrangeHRMWebApplication-plan.xlsx" />
    </properties>
    <testcase id="Openurl" name="Openurl" classname="signup" timestamp="2019-10-03T18:27:12" time="49.362">
      <system-out>Total : 1
Passed: 1
Failed: 0
Output: C:\projects\OrangeHRMWebApplication\output\20191003_182705\OrangeHRMWebApplication-plan.001,OHRM_01_signup.20191003_182707.001.xlsx
Logs  : C:\projects\OrangeHRMWebApplication\output\20191003_182705\logs\nexial-20191003_182705.log</system-out>
    </testcase>
    <testcase id="MaximizeWindow" name="MaximizeWindow" classname="signup" timestamp="2019-10-03T18:27:34" time="27.494">
      <system-out>Total : 1
Passed: 1
Failed: 0
Output: C:\projects\OrangeHRMWebApplication\output\20191003_182705\OrangeHRMWebApplication-plan.001,OHRM_01_signup.20191003_182707.001.xlsx
Logs  : C:\projects\OrangeHRMWebApplication\output\20191003_182705\logs\nexial-20191003_182705.log</system-out>
    </testcase>
    <testcase id="ClickUsername" name="ClickUsername" classname="signup" timestamp="2019-10-03T18:27:36" time="25.388">
      <system-out>Total : 1
Passed: 1
Failed: 0
Output: C:\projects\OrangeHRMWebApplication\output\20191003_182705\OrangeHRMWebApplication-plan.001,OHRM_01_signup.20191003_182707.001.xlsx
Logs  : C:\projects\OrangeHRMWebApplication\output\20191003_182705\logs\nexial-20191003_182705.log</system-out>
    </testcase>
    <testcase id="EnterFavoredUrl" name="EnterFavoredUrl" classname="signup" timestamp="2019-10-03T18:27:40" time="21.108">
      <system-out>Total : 1
Passed: 1
Failed: 0
Output: C:\projects\OrangeHRMWebApplication\output\20191003_182705\OrangeHRMWebApplication-plan.001,OHRM_01_signup.20191003_182707.001.xlsx
Logs  : C:\projects\OrangeHRMWebApplication\output\20191003_182705\logs\nexial-20191003_182705.log</system-out>
    </testcase>
    <testcase id="EnterFirstName" name="EnterFirstName" classname="signup" timestamp="2019-10-03T18:27:42" time="19.353">
      <system-out>Total : 1
Passed: 1
Failed: 0
Output: C:\projects\OrangeHRMWebApplication\output\20191003_182705\OrangeHRMWebApplication-plan.001,OHRM_01_signup.20191003_182707.001.xlsx
Logs  : C:\projects\OrangeHRMWebApplication\output\20191003_182705\logs\nexial-20191003_182705.log</system-out>
    </testcase>
    <testcase id="EnterLastName" name="EnterLastName" classname="signup" timestamp="2019-10-03T18:27:43" time="18.250">
      <system-out>Total : 1
Passed: 1
Failed: 0
Output: C:\projects\OrangeHRMWebApplication\output\20191003_182705\OrangeHRMWebApplication-plan.001,OHRM_01_signup.20191003_182707.001.xlsx
Logs  : C:\projects\OrangeHRMWebApplication\output\20191003_182705\logs\nexial-20191003_182705.log</system-out>
    </testcase>
    <testcase id="EnterEmail" name="EnterEmail" classname="signup" timestamp="2019-10-03T18:27:44" time="17.165">
      <system-out>Total : 1
Passed: 1
Failed: 0
Output: C:\projects\OrangeHRMWebApplication\output\20191003_182705\OrangeHRMWebApplication-plan.001,OHRM_01_signup.20191003_182707.001.xlsx
Logs  : C:\projects\OrangeHRMWebApplication\output\20191003_182705\logs\nexial-20191003_182705.log</system-out>
    </testcase>
    <testcase id="EnterJobTitle" name="EnterJobTitle" classname="signup" timestamp="2019-10-03T18:27:46" time="15.701">
      <system-out>Total : 1
Passed: 1
Failed: 0
Output: C:\projects\OrangeHRMWebApplication\output\20191003_182705\OrangeHRMWebApplication-plan.001,OHRM_01_signup.20191003_182707.001.xlsx
Logs  : C:\projects\OrangeHRMWebApplication\output\20191003_182705\logs\nexial-20191003_182705.log</system-out>
    </testcase>
    <testcase id="SelectNoOfEmployees" name="SelectNoOfEmployees" classname="signup" timestamp="2019-10-03T18:27:47" time="14.481">
      <system-out>Total : 1
Passed: 1
Failed: 0
Output: C:\projects\OrangeHRMWebApplication\output\20191003_182705\OrangeHRMWebApplication-plan.001,OHRM_01_signup.20191003_182707.001.xlsx
Logs  : C:\projects\OrangeHRMWebApplication\output\20191003_182705\logs\nexial-20191003_182705.log</system-out>
    </testcase>
    <testcase id="AssertNoOfEmployee" name="AssertNoOfEmployee" classname="signup" timestamp="2019-10-03T18:27:48" time="13.475">
      <system-out>Total : 1
Passed: 1
Failed: 0
Output: C:\projects\OrangeHRMWebApplication\output\20191003_182705\OrangeHRMWebApplication-plan.001,OHRM_01_signup.20191003_182707.001.xlsx
Logs  : C:\projects\OrangeHRMWebApplication\output\20191003_182705\logs\nexial-20191003_182705.log</system-out>
    </testcase>
    <testcase id="Entercompany" name="Entercompany" classname="signup" timestamp="2019-10-03T18:27:49" time="12.693">
      <system-out>Total : 1
Passed: 1
Failed: 0
Output: C:\projects\OrangeHRMWebApplication\output\20191003_182705\OrangeHRMWebApplication-plan.001,OHRM_01_signup.20191003_182707.001.xlsx
Logs  : C:\projects\OrangeHRMWebApplication\output\20191003_182705\logs\nexial-20191003_182705.log</system-out>
    </testcase>
    <testcase id="SelectIndustry" name="SelectIndustry" classname="signup" timestamp="2019-10-03T18:27:50" time="11.684">
      <system-out>Total : 1
Passed: 1
Failed: 0
Output: C:\projects\OrangeHRMWebApplication\output\20191003_182705\OrangeHRMWebApplication-plan.001,OHRM_01_signup.20191003_182707.001.xlsx
Logs  : C:\projects\OrangeHRMWebApplication\output\20191003_182705\logs\nexial-20191003_182705.log</system-out>
    </testcase>
    <testcase id="AssertIndustry" name="AssertIndustry" classname="signup" timestamp="2019-10-03T18:27:50" time="10.863">
      <system-out>Total : 1
Passed: 1
Failed: 0
Output: C:\projects\OrangeHRMWebApplication\output\20191003_182705\OrangeHRMWebApplication-plan.001,OHRM_01_signup.20191003_182707.001.xlsx
Logs  : C:\projects\OrangeHRMWebApplication\output\20191003_182705\logs\nexial-20191003_182705.log</system-out>
    </testcase>
    <testcase id="EnterPhoneNumber" name="EnterPhoneNumber" classname="signup" timestamp="2019-10-03T18:27:51" time="10.123">
      <system-out>Total : 1
Passed: 1
Failed: 0
Output: C:\projects\OrangeHRMWebApplication\output\20191003_182705\OrangeHRMWebApplication-plan.001,OHRM_01_signup.20191003_182707.001.xlsx
Logs  : C:\projects\OrangeHRMWebApplication\output\20191003_182705\logs\nexial-20191003_182705.log</system-out>
    </testcase>
    <testcase id="SelectCountry" name="SelectCountry" classname="signup" timestamp="2019-10-03T18:27:52" time="9.108">
      <system-out>Total : 1
Passed: 1
Failed: 0
Output: C:\projects\OrangeHRMWebApplication\output\20191003_182705\OrangeHRMWebApplication-plan.001,OHRM_01_signup.20191003_182707.001.xlsx
Logs  : C:\projects\OrangeHRMWebApplication\output\20191003_182705\logs\nexial-20191003_182705.log</system-out>
    </testcase>
    <testcase id="AssertCountry" name="AssertCountry" classname="signup" timestamp="2019-10-03T18:27:53" time="8.230">
      <system-out>Total : 1
Passed: 1
Failed: 0
Output: C:\projects\OrangeHRMWebApplication\output\20191003_182705\OrangeHRMWebApplication-plan.001,OHRM_01_signup.20191003_182707.001.xlsx
Logs  : C:\projects\OrangeHRMWebApplication\output\20191003_182705\logs\nexial-20191003_182705.log</system-out>
    </testcase>
    <testcase id="SelectState" name="SelectState" classname="signup" timestamp="2019-10-03T18:27:54" time="7.518">
      <system-out>Total : 1
Passed: 1
Failed: 0
Output: C:\projects\OrangeHRMWebApplication\output\20191003_182705\OrangeHRMWebApplication-plan.001,OHRM_01_signup.20191003_182707.001.xlsx
Logs  : C:\projects\OrangeHRMWebApplication\output\20191003_182705\logs\nexial-20191003_182705.log</system-out>
    </testcase>
    <testcase id="AssertCountry" name="AssertCountry" classname="signup" timestamp="2019-10-03T18:27:55" time="6.633">
      <system-out>Total : 1
Passed: 1
Failed: 0
Output: C:\projects\OrangeHRMWebApplication\output\20191003_182705\OrangeHRMWebApplication-plan.001,OHRM_01_signup.20191003_182707.001.xlsx
Logs  : C:\projects\OrangeHRMWebApplication\output\20191003_182705\logs\nexial-20191003_182705.log</system-out>
    </testcase>
    <testcase id="ClickCheckbox" name="ClickCheckbox" classname="signup" timestamp="2019-10-03T18:27:55" time="5.913">
      <system-out>Total : 1
Passed: 1
Failed: 0
Output: C:\projects\OrangeHRMWebApplication\output\20191003_182705\OrangeHRMWebApplication-plan.001,OHRM_01_signup.20191003_182707.001.xlsx
Logs  : C:\projects\OrangeHRMWebApplication\output\20191003_182705\logs\nexial-20191003_182705.log</system-out>
    </testcase>
    <testcase id="submit" name="submit" classname="signup" timestamp="2019-10-03T18:27:56" time="5.155">
      <system-out>Total : 1
Passed: 1
Failed: 0
Output: C:\projects\OrangeHRMWebApplication\output\20191003_182705\OrangeHRMWebApplication-plan.001,OHRM_01_signup.20191003_182707.001.xlsx
Logs  : C:\projects\OrangeHRMWebApplication\output\20191003_182705\logs\nexial-20191003_182705.log</system-out>
    </testcase>
  </testsuite>
  <testsuite id="2001" name="2 OHRM_02_features" package="2 OHRM_02_features" hostname="ATMECSINDT-055" timestamp="2019-10-03T18:28:03" time="31.338" tests="27" errors="0">
    <properties>
      <property name="Run From" value="ATMECSINDT-055" />
      <property name="Run OS" value="amd64 Windows 10 10.0" />
      <property name="Run User" value="ATMECSINDT-055$" />
      <property name="Iteration" value="1 of 1" />
      <property name="Script" value="OHRM_02_features.xlsx" />
      <property name="Logs" value="C:\projects\OrangeHRMWebApplication\output\20191003_182705\logs\nexial-20191003_182705.log" />
      <property name="runtime args" value="-plan C:\projects\OrangeHRMWebApplication\artifact\plan\OrangeHRMWebApplication-plan.xlsx" />
      <property name="DataSheet(s)" value="#default" />
      <property name="JAVA_OPT" value="-Dorg.apache.poi.util.POILogger=org.apache.poi.util.NullLogger" />
      <property name="Data File" value="OHRM_02_features.data.xlsx" />
    </properties>
    <testcase id="Feature-Personnel Information Management (PIM)" name="Feature-Personnel Information Management (PIM)" classname="Personnel Information Managemen" timestamp="2019-10-03T18:28:06" time="28.885">
      <system-out>Total : 27
Passed: 27
Failed: 0
Output: C:\projects\OrangeHRMWebApplication\output\20191003_182705\OrangeHRMWebApplication-plan.002,OHRM_02_features.20191003_182803.001.xlsx
Logs  : C:\projects\OrangeHRMWebApplication\output\20191003_182705\logs\nexial-20191003_182705.log</system-out>
    </testcase>
  </testsuite>
</testsuites>
