<?xml version="1.0" encoding="UTF-8"?>
<testsuites name="20191004_120944" timestamp="2019-10-04T12:09:44" time="144.492" tests="47" errors="0">
  <testsuite id="1001" name="1 OHRM_01_signup" package="1 OHRM_01_signup" hostname="ATMECSINDT-055" timestamp="2019-10-04T12:09:46" time="75.003" tests="20" errors="0">
    <properties>
      <property name="Run From" value="ATMECSINDT-055" />
      <property name="Run OS" value="amd64 Windows 10 10.0" />
      <property name="Run User" value="Sandhiya.Munisamy" />
      <property name="Iteration" value="1 of 1" />
      <property name="Script" value="OHRM_01_signup.xlsx" />
      <property name="Logs" value="C:\projects\OrangeHRMWebApplication\output\20191004_120944\logs\nexial-20191004_120944.log" />
      <property name="Data File" value="OHRM_01_signup.data.xlsx" />
      <property name="DataSheet(s)" value="#default" />
      <property name="JAVA_OPT" value="-Dorg.apache.poi.util.POILogger=org.apache.poi.util.NullLogger" />
      <property name="runtime args" value="-plan C:\projects\OrangeHRMWebApplication\artifact\plan\OrangeHRMWebApplication-plan.xlsx" />
      <property name="sessionId" value="51c8d7816f43e281af00f76fbf80cd0f1c4a47fa" />
    </properties>
    <testcase id="Openurl" name="Openurl" classname="signup" timestamp="2019-10-04T12:09:48" time="72.808">
      <system-out>Total : 1
Passed: 1
Failed: 0
Output: C:\projects\OrangeHRMWebApplication\output\20191004_120944\OrangeHRMWebApplication-plan.001,OHRM_01_signup.20191004_120946.001.xlsx
Logs  : C:\projects\OrangeHRMWebApplication\output\20191004_120944\logs\nexial-20191004_120944.log</system-out>
    </testcase>
    <testcase id="MaximizeWindow" name="MaximizeWindow" classname="signup" timestamp="2019-10-04T12:10:10" time="50.478">
      <system-out>Total : 1
Passed: 1
Failed: 0
Output: C:\projects\OrangeHRMWebApplication\output\20191004_120944\OrangeHRMWebApplication-plan.001,OHRM_01_signup.20191004_120946.001.xlsx
Logs  : C:\projects\OrangeHRMWebApplication\output\20191004_120944\logs\nexial-20191004_120944.log</system-out>
    </testcase>
    <testcase id="ClickUsername" name="ClickUsername" classname="signup" timestamp="2019-10-04T12:10:13" time="47.676">
      <system-out>Total : 1
Passed: 1
Failed: 0
Output: C:\projects\OrangeHRMWebApplication\output\20191004_120944\OrangeHRMWebApplication-plan.001,OHRM_01_signup.20191004_120946.001.xlsx
Logs  : C:\projects\OrangeHRMWebApplication\output\20191004_120944\logs\nexial-20191004_120944.log</system-out>
    </testcase>
    <testcase id="EnterFavoredUrl" name="EnterFavoredUrl" classname="signup" timestamp="2019-10-04T12:10:18" time="42.669">
      <system-out>Total : 1
Passed: 1
Failed: 0
Output: C:\projects\OrangeHRMWebApplication\output\20191004_120944\OrangeHRMWebApplication-plan.001,OHRM_01_signup.20191004_120946.001.xlsx
Logs  : C:\projects\OrangeHRMWebApplication\output\20191004_120944\logs\nexial-20191004_120944.log</system-out>
    </testcase>
    <testcase id="EnterFirstName" name="EnterFirstName" classname="signup" timestamp="2019-10-04T12:10:21" time="39.729">
      <system-out>Total : 1
Passed: 1
Failed: 0
Output: C:\projects\OrangeHRMWebApplication\output\20191004_120944\OrangeHRMWebApplication-plan.001,OHRM_01_signup.20191004_120946.001.xlsx
Logs  : C:\projects\OrangeHRMWebApplication\output\20191004_120944\logs\nexial-20191004_120944.log</system-out>
    </testcase>
    <testcase id="EnterLastName" name="EnterLastName" classname="signup" timestamp="2019-10-04T12:10:24" time="36.846">
      <system-out>Total : 1
Passed: 1
Failed: 0
Output: C:\projects\OrangeHRMWebApplication\output\20191004_120944\OrangeHRMWebApplication-plan.001,OHRM_01_signup.20191004_120946.001.xlsx
Logs  : C:\projects\OrangeHRMWebApplication\output\20191004_120944\logs\nexial-20191004_120944.log</system-out>
    </testcase>
    <testcase id="EnterEmail" name="EnterEmail" classname="signup" timestamp="2019-10-04T12:10:27" time="33.964">
      <system-out>Total : 1
Passed: 1
Failed: 0
Output: C:\projects\OrangeHRMWebApplication\output\20191004_120944\OrangeHRMWebApplication-plan.001,OHRM_01_signup.20191004_120946.001.xlsx
Logs  : C:\projects\OrangeHRMWebApplication\output\20191004_120944\logs\nexial-20191004_120944.log</system-out>
    </testcase>
    <testcase id="EnterJobTitle" name="EnterJobTitle" classname="signup" timestamp="2019-10-04T12:10:30" time="31.045">
      <system-out>Total : 1
Passed: 1
Failed: 0
Output: C:\projects\OrangeHRMWebApplication\output\20191004_120944\OrangeHRMWebApplication-plan.001,OHRM_01_signup.20191004_120946.001.xlsx
Logs  : C:\projects\OrangeHRMWebApplication\output\20191004_120944\logs\nexial-20191004_120944.log</system-out>
    </testcase>
    <testcase id="SelectNoOfEmployees" name="SelectNoOfEmployees" classname="signup" timestamp="2019-10-04T12:10:33" time="28.169">
      <system-out>Total : 1
Passed: 1
Failed: 0
Output: C:\projects\OrangeHRMWebApplication\output\20191004_120944\OrangeHRMWebApplication-plan.001,OHRM_01_signup.20191004_120946.001.xlsx
Logs  : C:\projects\OrangeHRMWebApplication\output\20191004_120944\logs\nexial-20191004_120944.log</system-out>
    </testcase>
    <testcase id="AssertNoOfEmployee" name="AssertNoOfEmployee" classname="signup" timestamp="2019-10-04T12:10:35" time="26.057">
      <system-out>Total : 1
Passed: 1
Failed: 0
Output: C:\projects\OrangeHRMWebApplication\output\20191004_120944\OrangeHRMWebApplication-plan.001,OHRM_01_signup.20191004_120946.001.xlsx
Logs  : C:\projects\OrangeHRMWebApplication\output\20191004_120944\logs\nexial-20191004_120944.log</system-out>
    </testcase>
    <testcase id="Entercompany" name="Entercompany" classname="signup" timestamp="2019-10-04T12:10:36" time="24.515">
      <system-out>Total : 1
Passed: 1
Failed: 0
Output: C:\projects\OrangeHRMWebApplication\output\20191004_120944\OrangeHRMWebApplication-plan.001,OHRM_01_signup.20191004_120946.001.xlsx
Logs  : C:\projects\OrangeHRMWebApplication\output\20191004_120944\logs\nexial-20191004_120944.log</system-out>
    </testcase>
    <testcase id="SelectIndustry" name="SelectIndustry" classname="signup" timestamp="2019-10-04T12:10:39" time="21.801">
      <system-out>Total : 1
Passed: 1
Failed: 0
Output: C:\projects\OrangeHRMWebApplication\output\20191004_120944\OrangeHRMWebApplication-plan.001,OHRM_01_signup.20191004_120946.001.xlsx
Logs  : C:\projects\OrangeHRMWebApplication\output\20191004_120944\logs\nexial-20191004_120944.log</system-out>
    </testcase>
    <testcase id="AssertIndustry" name="AssertIndustry" classname="signup" timestamp="2019-10-04T12:10:41" time="19.681">
      <system-out>Total : 1
Passed: 1
Failed: 0
Output: C:\projects\OrangeHRMWebApplication\output\20191004_120944\OrangeHRMWebApplication-plan.001,OHRM_01_signup.20191004_120946.001.xlsx
Logs  : C:\projects\OrangeHRMWebApplication\output\20191004_120944\logs\nexial-20191004_120944.log</system-out>
    </testcase>
    <testcase id="EnterPhoneNumber" name="EnterPhoneNumber" classname="signup" timestamp="2019-10-04T12:10:42" time="18.363">
      <system-out>Total : 1
Passed: 1
Failed: 0
Output: C:\projects\OrangeHRMWebApplication\output\20191004_120944\OrangeHRMWebApplication-plan.001,OHRM_01_signup.20191004_120946.001.xlsx
Logs  : C:\projects\OrangeHRMWebApplication\output\20191004_120944\logs\nexial-20191004_120944.log</system-out>
    </testcase>
    <testcase id="SelectCountry" name="SelectCountry" classname="signup" timestamp="2019-10-04T12:10:45" time="15.791">
      <system-out>Total : 1
Passed: 1
Failed: 0
Output: C:\projects\OrangeHRMWebApplication\output\20191004_120944\OrangeHRMWebApplication-plan.001,OHRM_01_signup.20191004_120946.001.xlsx
Logs  : C:\projects\OrangeHRMWebApplication\output\20191004_120944\logs\nexial-20191004_120944.log</system-out>
    </testcase>
    <testcase id="AssertCountry" name="AssertCountry" classname="signup" timestamp="2019-10-04T12:10:47" time="13.362">
      <system-out>Total : 1
Passed: 1
Failed: 0
Output: C:\projects\OrangeHRMWebApplication\output\20191004_120944\OrangeHRMWebApplication-plan.001,OHRM_01_signup.20191004_120946.001.xlsx
Logs  : C:\projects\OrangeHRMWebApplication\output\20191004_120944\logs\nexial-20191004_120944.log</system-out>
    </testcase>
    <testcase id="SelectState" name="SelectState" classname="signup" timestamp="2019-10-04T12:10:49" time="12.055">
      <system-out>Total : 1
Passed: 1
Failed: 0
Output: C:\projects\OrangeHRMWebApplication\output\20191004_120944\OrangeHRMWebApplication-plan.001,OHRM_01_signup.20191004_120946.001.xlsx
Logs  : C:\projects\OrangeHRMWebApplication\output\20191004_120944\logs\nexial-20191004_120944.log</system-out>
    </testcase>
    <testcase id="AssertCountry" name="AssertCountry" classname="signup" timestamp="2019-10-04T12:10:51" time="10.007">
      <system-out>Total : 1
Passed: 1
Failed: 0
Output: C:\projects\OrangeHRMWebApplication\output\20191004_120944\OrangeHRMWebApplication-plan.001,OHRM_01_signup.20191004_120946.001.xlsx
Logs  : C:\projects\OrangeHRMWebApplication\output\20191004_120944\logs\nexial-20191004_120944.log</system-out>
    </testcase>
    <testcase id="ClickCheckbox" name="ClickCheckbox" classname="signup" timestamp="2019-10-04T12:10:52" time="8.683">
      <system-out>Total : 1
Passed: 1
Failed: 0
Output: C:\projects\OrangeHRMWebApplication\output\20191004_120944\OrangeHRMWebApplication-plan.001,OHRM_01_signup.20191004_120946.001.xlsx
Logs  : C:\projects\OrangeHRMWebApplication\output\20191004_120944\logs\nexial-20191004_120944.log</system-out>
    </testcase>
    <testcase id="submit" name="submit" classname="signup" timestamp="2019-10-04T12:10:54" time="6.993">
      <system-out>Total : 1
Passed: 1
Failed: 0
Output: C:\projects\OrangeHRMWebApplication\output\20191004_120944\OrangeHRMWebApplication-plan.001,OHRM_01_signup.20191004_120946.001.xlsx
Logs  : C:\projects\OrangeHRMWebApplication\output\20191004_120944\logs\nexial-20191004_120944.log</system-out>
    </testcase>
  </testsuite>
  <testsuite id="2001" name="2 OHRM_02_features" package="2 OHRM_02_features" hostname="ATMECSINDT-055" timestamp="2019-10-04T12:11:05" time="56.659" tests="27" errors="0">
    <properties>
      <property name="Run From" value="ATMECSINDT-055" />
      <property name="Run OS" value="amd64 Windows 10 10.0" />
      <property name="Run User" value="Sandhiya.Munisamy" />
      <property name="Iteration" value="1 of 1" />
      <property name="Script" value="OHRM_02_features.xlsx" />
      <property name="Logs" value="C:\projects\OrangeHRMWebApplication\output\20191004_120944\logs\nexial-20191004_120944.log" />
      <property name="runtime args" value="-plan C:\projects\OrangeHRMWebApplication\artifact\plan\OrangeHRMWebApplication-plan.xlsx" />
      <property name="sessionId" value="51c8d7816f43e281af00f76fbf80cd0f1c4a47fa" />
      <property name="DataSheet(s)" value="#default" />
      <property name="JAVA_OPT" value="-Dorg.apache.poi.util.POILogger=org.apache.poi.util.NullLogger" />
      <property name="Data File" value="OHRM_02_features.data.xlsx" />
    </properties>
    <testcase id="Feature-Personnel Information Management (PIM)" name="Feature-Personnel Information Management (PIM)" classname="Personnel Information Managemen" timestamp="2019-10-04T12:11:09" time="52.964">
      <system-out>Total : 27
Passed: 27
Failed: 0
Output: C:\projects\OrangeHRMWebApplication\output\20191004_120944\OrangeHRMWebApplication-plan.002,OHRM_02_features.20191004_121105.001.xlsx
Logs  : C:\projects\OrangeHRMWebApplication\output\20191004_120944\logs\nexial-20191004_120944.log</system-out>
    </testcase>
  </testsuite>
</testsuites>
