<?xml version="1.0" encoding="UTF-8"?>
<testsuites name="20191001_145131" timestamp="2019-10-01T14:51:31" time="77.258" tests="46" errors="0">
  <testsuite id="1" name="OHRM_02_features" package="OHRM_02_features" hostname="ATMECSINDT-055" timestamp="2019-10-01T14:51:33" time="72.452" tests="46" errors="0">
    <properties>
      <property name="Run From" value="ATMECSINDT-055" />
      <property name="Run OS" value="amd64 Windows 10 10.0" />
      <property name="Run User" value="Sandhiya.Munisamy" />
      <property name="Iteration" value="1 of 1" />
      <property name="Script" value="OHRM_02_features.xlsx" />
      <property name="Logs" value="C:\projects\OrangeHRMWebApplication\output\20191001_145131\logs\nexial-20191001_145131.log" />
      <property name="Data File" value="OHRM_02_features.data.xlsx" />
      <property name="DataSheet(s)" value="#default" />
      <property name="JAVA_OPT" value="-Dorg.apache.poi.util.POILogger=org.apache.poi.util.NullLogger" />
      <property name="runtime args" value="-script C:\projects\OrangeHRMWebApplication\artifact\script\OHRM_02_features.xlsx Leave or Time off Management" />
    </properties>
    <testcase id="Feature-Personnel Information Management (PIM)" name="Feature-Personnel Information Management (PIM)" classname="Personnel Information Managemen" timestamp="2019-10-01T14:51:37" time="68.411">
      <system-out>Total : 20
Passed: 20
Failed: 0
Output: C:\projects\OrangeHRMWebApplication\output\20191001_145131\OHRM_02_features.20191001_145133.001.xlsx
Logs  : C:\projects\OrangeHRMWebApplication\output\20191001_145131\logs\nexial-20191001_145131.log</system-out>
    </testcase>
    <testcase id="Feature-Leave/ Time off Management" name="Feature-Leave/ Time off Management" classname="Leave or  Time off Management" timestamp="2019-10-01T14:52:12" time="33.800">
      <system-out>Total : 13
Passed: 13
Failed: 0
Output: C:\projects\OrangeHRMWebApplication\output\20191001_145131\OHRM_02_features.20191001_145133.001.xlsx
Logs  : C:\projects\OrangeHRMWebApplication\output\20191001_145131\logs\nexial-20191001_145131.log</system-out>
    </testcase>
    <testcase id="Feature-Time &amp; Attendance Management" name="Feature-Time &amp; Attendance Management" classname="Time &amp; Attendance Management" timestamp="2019-10-01T14:52:30" time="15.316">
      <system-out>Total : 13
Passed: 13
Failed: 0
Output: C:\projects\OrangeHRMWebApplication\output\20191001_145131\OHRM_02_features.20191001_145133.001.xlsx
Logs  : C:\projects\OrangeHRMWebApplication\output\20191001_145131\logs\nexial-20191001_145131.log</system-out>
    </testcase>
  </testsuite>
</testsuites>
