<?xml version="1.0" encoding="UTF-8"?>
<testsuites name="20191001_115412" timestamp="2019-10-01T11:54:12" time="33.131" tests="8" errors="0">
  <testsuite id="1" name="OHRM_02_features" package="OHRM_02_features" hostname="ATMECSINDT-055" timestamp="2019-10-01T11:54:15" time="26.837" tests="8" errors="0">
    <properties>
      <property name="Run From" value="ATMECSINDT-055" />
      <property name="Run OS" value="amd64 Windows 10 10.0" />
      <property name="Run User" value="Sandhiya.Munisamy" />
      <property name="Iteration" value="1 of 1" />
      <property name="Script" value="OHRM_02_features.xlsx" />
      <property name="Logs" value="C:\projects\OrangeHRMWebApplication\output\20191001_115412\logs\nexial-20191001_115412.log" />
      <property name="Data File" value="OHRM_02_features.data.xlsx" />
      <property name="DataSheet(s)" value="#default" />
      <property name="JAVA_OPT" value="-Dorg.apache.poi.util.POILogger=org.apache.poi.util.NullLogger" />
      <property name="runtime args" value="-script C:\projects\OrangeHRMWebApplication\artifact\script\OHRM_02_features.xlsx" />
    </properties>
    <testcase id="Features" name="Features" classname="orangehrm" timestamp="2019-10-01T11:54:17" time="23.879">
      <system-out>Total : 8
Passed: 8
Failed: 0
Output: C:\projects\OrangeHRMWebApplication\output\20191001_115412\OHRM_02_features.20191001_115415.001.xlsx
Logs  : C:\projects\OrangeHRMWebApplication\output\20191001_115412\logs\nexial-20191001_115412.log</system-out>
    </testcase>
  </testsuite>
</testsuites>
