<?xml version="1.0" encoding="UTF-8"?>
<testsuites name="20191001_171806" timestamp="2019-10-01T17:18:06" time="103.229" tests="67" errors="0">
  <testsuite id="1" name="OHRM_02_features" package="OHRM_02_features" hostname="ATMECSINDT-055" timestamp="2019-10-01T17:18:08" time="100.064" tests="67" errors="0">
    <properties>
      <property name="Run From" value="ATMECSINDT-055" />
      <property name="Run OS" value="amd64 Windows 10 10.0" />
      <property name="Run User" value="Sandhiya.Munisamy" />
      <property name="Iteration" value="1 of 1" />
      <property name="Script" value="OHRM_02_features.xlsx" />
      <property name="Logs" value="C:\projects\OrangeHRMWebApplication\output\20191001_171806\logs\nexial-20191001_171806.log" />
      <property name="Data File" value="OHRM_02_features.data.xlsx" />
      <property name="DataSheet(s)" value="#default" />
      <property name="JAVA_OPT" value="-Dorg.apache.poi.util.POILogger=org.apache.poi.util.NullLogger" />
      <property name="runtime args" value="-script C:\projects\OrangeHRMWebApplication\artifact\script\OHRM_02_features.xlsx" />
    </properties>
    <testcase id="Feature-Personnel Information Management (PIM)" name="Feature-Personnel Information Management (PIM)" classname="Personnel Information Managemen" timestamp="2019-10-01T17:18:13" time="94.801">
      <system-out>Total : 27
Passed: 27
Failed: 0
Output: C:\projects\OrangeHRMWebApplication\output\20191001_171806\OHRM_02_features.20191001_171808.001.xlsx
Logs  : C:\projects\OrangeHRMWebApplication\output\20191001_171806\logs\nexial-20191001_171806.log</system-out>
    </testcase>
    <testcase id="Feature-Leave/ Time off Management" name="Feature-Leave/ Time off Management" classname="Leave or  Time off Management" timestamp="2019-10-01T17:18:58" time="50.371">
      <system-out>Total : 20
Passed: 20
Failed: 0
Output: C:\projects\OrangeHRMWebApplication\output\20191001_171806\OHRM_02_features.20191001_171808.001.xlsx
Logs  : C:\projects\OrangeHRMWebApplication\output\20191001_171806\logs\nexial-20191001_171806.log</system-out>
    </testcase>
    <testcase id="Feature-Time &amp; Attendance Management" name="Feature-Time &amp; Attendance Management" classname="Time &amp; Attendance Management" timestamp="2019-10-01T17:19:23" time="25.361">
      <system-out>Total : 20
Passed: 20
Failed: 0
Output: C:\projects\OrangeHRMWebApplication\output\20191001_171806\OHRM_02_features.20191001_171808.001.xlsx
Logs  : C:\projects\OrangeHRMWebApplication\output\20191001_171806\logs\nexial-20191001_171806.log</system-out>
    </testcase>
  </testsuite>
</testsuites>
