<?xml version="1.0" encoding="UTF-8"?>
<testsuites name="20191001_143349" timestamp="2019-10-01T14:33:49" time="57.263" tests="33" errors="0">
  <testsuite id="1" name="OHRM_02_features" package="OHRM_02_features" hostname="ATMECSINDT-055" timestamp="2019-10-01T14:33:51" time="53.511" tests="33" errors="0">
    <properties>
      <property name="Run From" value="ATMECSINDT-055" />
      <property name="Run OS" value="amd64 Windows 10 10.0" />
      <property name="Run User" value="Sandhiya.Munisamy" />
      <property name="Iteration" value="1 of 1" />
      <property name="Script" value="OHRM_02_features.xlsx" />
      <property name="Logs" value="C:\projects\OrangeHRMWebApplication\output\20191001_143349\logs\nexial-20191001_143349.log" />
      <property name="Data File" value="OHRM_02_features.data.xlsx" />
      <property name="DataSheet(s)" value="#default" />
      <property name="JAVA_OPT" value="-Dorg.apache.poi.util.POILogger=org.apache.poi.util.NullLogger" />
      <property name="runtime args" value="-script C:\projects\OrangeHRMWebApplication\artifact\script\OHRM_02_features.xlsx" />
    </properties>
    <testcase id="Feature-Personnel Information Management (PIM)" name="Feature-Personnel Information Management (PIM)" classname="Personnel Information Managemen" timestamp="2019-10-01T14:33:53" time="50.778">
      <system-out>Total : 20
Passed: 20
Failed: 0
Output: C:\projects\OrangeHRMWebApplication\output\20191001_143349\OHRM_02_features.20191001_143351.001.xlsx
Logs  : C:\projects\OrangeHRMWebApplication\output\20191001_143349\logs\nexial-20191001_143349.log</system-out>
    </testcase>
    <testcase id="Feature-Leave/ Time off Management" name="Feature-Leave/ Time off Management" classname="Leave or  Time off Management" timestamp="2019-10-01T14:34:27" time="17.240">
      <system-out>Total : 13
Passed: 13
Failed: 0
Output: C:\projects\OrangeHRMWebApplication\output\20191001_143349\OHRM_02_features.20191001_143351.001.xlsx
Logs  : C:\projects\OrangeHRMWebApplication\output\20191001_143349\logs\nexial-20191001_143349.log</system-out>
    </testcase>
  </testsuite>
</testsuites>
